#
# A fatal error has been detected by the Java Runtime Environment:
#
#  SIGSEGV (0xb) at pc=0x00000001032f3e98, pid=6817, tid=0x0000000000004d03
#
# JRE version: Java(TM) SE Runtime Environment (8.0_131-b11) (build 1.8.0_131-b11)
# Java VM: Java HotSpot(TM) 64-Bit Server VM (25.131-b11 mixed mode bsd-amd64 compressed oops)
# Problematic frame:
# V  [libjvm.dylib+0xf3e98]
#
# Failed to write core dump. Core dumps have been disabled. To enable core dumping, try "ulimit -c unlimited" before starting Java again
#
# If you would like to submit a bug report, please visit:
#   http://bugreport.java.com/bugreport/crash.jsp
#

---------------  T H R E A D  ---------------

Current thread (0x00007fd4929e9800):  JavaThread "C1 CompilerThread2" daemon [_thread_in_native, id=19715, stack(0x0000700007343000,0x0000700007443000)]

siginfo: si_signo: 11 (SIGSEGV), si_code: 1 (SEGV_MAPERR), si_addr: 0x0000000000000018

Registers:
RAX=0x0000000000000004, RBX=0x00007fd4914d5520, RCX=0x00007fd4914d54f0, RDX=0x0000000000000000
RSP=0x0000700007441f20, RBP=0x0000700007441f80, RSI=0x00007fd4914ed600, RDI=0x0000700007441e40
R8 =0x0000000000000014, R9 =0x0000000000000000, R10=0x0000000000000000, R11=0xffffffff00000000
R12=0x00007fd4914d5470, R13=0x0000000000000004, R14=0x00007000074422d0, R15=0x0000000000000004
RIP=0x00000001032f3e98, EFLAGS=0x0000000000010297, ERR=0x0000000000000004
  TRAPNO=0x000000000000000e

Top of Stack: (sp=0x0000700007441f20)
0x0000700007441f20:   00000000061fcc10 00007fd4914ec840
0x0000700007441f30:   00000001061fcc10 0000000100000000
0x0000700007441f40:   00007fd4914d4430 00007fd494807440
0x0000700007441f50:   0000700007441f70 0000000000000000
0x0000700007441f60:   00007fd494807440 00007000074422d0
0x0000700007441f70:   00000000000000b8 0000000000000000
0x0000700007441f80:   0000700007441fc0 00000001032f465a
0x0000700007441f90:   000000011a5ae5f0 00007000074422d0
0x0000700007441fa0:   00007fd494807440 00007fd4914ed930
0x0000700007441fb0:   0000000000000000 0000000000000000
0x0000700007441fc0:   0000700007442070 00000001032f56b2
0x0000700007441fd0:   0000700007442010 000000010334f039
0x0000700007441fe0:   0000000000000000 0000000000000000
0x0000700007441ff0:   00000000914d3eb0 00007fd4914ed900
0x0000700007442000:   00007fd494800a10 00007fd4919bce40
0x0000700007442010:   00007fd4919bce40 00007fd4919bce40
0x0000700007442020:   0000000000000000 000000b8914ed930
0x0000700007442030:   00007fd494807440 00007fd4948074e0
0x0000700007442040:   01007fd4914d43b0 0000000103ade940
0x0000700007442050:   00007fd4914d3eb0 00007fd4914ed930
0x0000700007442060:   00007000074422d0 00000000000000b8
0x0000700007442070:   0000700007442100 00000001032f7d57
0x0000700007442080:   00007fd4914d3e50 0000000000000000
0x0000700007442090:   00007fd494800ac0 00007fd494800a10
0x00007000074420a0:   00007fd494802a56 0000000000000000
0x00007000074420b0:   00007fd4914d3dd0 00007fd4948029d0
0x00007000074420c0:   00007fd494802a89 00007fd494802a59
0x00007000074420d0:   000000b8000000b8 00007000074422d0
0x00007000074420e0:   00007fd4914eb9e0 00007fd4914ed930
0x00007000074420f0:   ffffffffffffff00 00007fd4914ec840
0x0000700007442100:   0000700007442130 00000001032f4529
0x0000700007442110:   0000700007442130 00007fd49262fa20 

Instructions: (pc=0x00000001032f3e98)
0x00000001032f3e78:   48 20 49 8b 5e 50 4c 8b 63 08 45 3b 7c 24 30 7d
0x00000001032f3e88:   31 45 89 fd 49 63 c5 49 8b 4c 24 38 48 8b 14 c1
0x00000001032f3e98:   48 8b 4a 18 44 8b 69 08 41 01 c5 89 c1 44 29 f9
0x00000001032f3ea8:   4c 89 f7 48 89 de e8 1f 91 ff ff 45 3b 6c 24 30 

Register to memory mapping:

RAX=0x0000000000000004 is an unknown value
RBX=0x00007fd4914d5520 is an unknown value
RCX=0x00007fd4914d54f0 is an unknown value
RDX=0x0000000000000000 is an unknown value
RSP=0x0000700007441f20 is pointing into the stack for thread: 0x00007fd4929e9800
RBP=0x0000700007441f80 is pointing into the stack for thread: 0x00007fd4929e9800
RSI=0x00007fd4914ed600 is an unknown value
RDI=0x0000700007441e40 is pointing into the stack for thread: 0x00007fd4929e9800
R8 =0x0000000000000014 is an unknown value
R9 =0x0000000000000000 is an unknown value
R10=0x0000000000000000 is an unknown value
R11=0xffffffff00000000 is an unknown value
R12=0x00007fd4914d5470 is an unknown value
R13=0x0000000000000004 is an unknown value
R14=0x00007000074422d0 is pointing into the stack for thread: 0x00007fd4929e9800
R15=0x0000000000000004 is an unknown value


Stack: [0x0000700007343000,0x0000700007443000],  sp=0x0000700007441f20,  free space=1019k
Native frames: (J=compiled Java code, j=interpreted, Vv=VM code, C=native code)
V  [libjvm.dylib+0xf3e98]
V  [libjvm.dylib+0xf465a]
V  [libjvm.dylib+0xf56b2]
V  [libjvm.dylib+0xf7d57]
V  [libjvm.dylib+0xf4529]
V  [libjvm.dylib+0xf8b15]
V  [libjvm.dylib+0xfdfea]
V  [libjvm.dylib+0xfe09b]
V  [libjvm.dylib+0xe87ff]
V  [libjvm.dylib+0xe898e]
V  [libjvm.dylib+0xe8bb7]
V  [libjvm.dylib+0xe8dcc]
V  [libjvm.dylib+0xe954e]
V  [libjvm.dylib+0x1b71f8]
V  [libjvm.dylib+0x1b973f]
V  [libjvm.dylib+0x56b87f]
V  [libjvm.dylib+0x56cf6c]
V  [libjvm.dylib+0x48b376]
C  [libsystem_pthread.dylib+0x393b]  _pthread_body+0xb4
C  [libsystem_pthread.dylib+0x3887]  _pthread_body+0x0
C  [libsystem_pthread.dylib+0x308d]  thread_start+0xd
C  0x0000000000000000


Current CompileTask:
C1: 131309 9838       1       com.bbarters.auth.UserRole::create (185 bytes)


---------------  P R O C E S S  ---------------

Java Threads: ( => current thread )
  0x00007fd491b56800 JavaThread "container-0" [_thread_blocked, id=24835, stack(0x0000700007f67000,0x0000700008067000)]
  0x00007fd4913f4800 JavaThread "ContainerBackgroundProcessor[StandardEngine[Tomcat]]" daemon [_thread_blocked, id=24323, stack(0x0000700007e64000,0x0000700007f64000)]
  0x00007fd492e63800 JavaThread "Statistics Thread-__DEFAULT__-1" daemon [_thread_blocked, id=23811, stack(0x0000700007d61000,0x0000700007e61000)]
  0x00007fd492e5d000 JavaThread "com%002ebbarters%002eauth%002e%0052ole.data" [_thread_blocked, id=23303, stack(0x0000700007c5e000,0x0000700007d5e000)]
  0x00007fd4914c4000 JavaThread "__DEFAULT__" daemon [_thread_blocked, id=22787, stack(0x0000700007b5b000,0x0000700007c5b000)]
  0x00007fd491c1b000 JavaThread "Abandoned connection cleanup thread" daemon [_thread_blocked, id=22275, stack(0x0000700007a58000,0x0000700007b58000)]
  0x00007fd491c1b800 JavaThread "Tomcat JDBC Pool Cleaner[414493378:1502472685788]" daemon [_thread_blocked, id=21763, stack(0x0000700007955000,0x0000700007a55000)]
  0x00007fd492a73800 JavaThread "FileSystemWatcher: files=#78 cl=sun.misc.Launcher$AppClassLoader@18b4aac2" daemon [_thread_blocked, id=21251, stack(0x000070000764c000,0x000070000774c000)]
  0x00007fd49119a800 JavaThread "Service Thread" daemon [_thread_blocked, id=20227, stack(0x0000700007446000,0x0000700007546000)]
=>0x00007fd4929e9800 JavaThread "C1 CompilerThread2" daemon [_thread_in_native, id=19715, stack(0x0000700007343000,0x0000700007443000)]
  0x00007fd4929e0800 JavaThread "C2 CompilerThread1" daemon [_thread_blocked, id=19203, stack(0x0000700007240000,0x0000700007340000)]
  0x00007fd49181b000 JavaThread "C2 CompilerThread0" daemon [_thread_blocked, id=18691, stack(0x000070000713d000,0x000070000723d000)]
  0x00007fd4921eb000 JavaThread "JDWP Command Reader" daemon [_thread_in_native, id=18179, stack(0x000070000703a000,0x000070000713a000)]
  0x00007fd49282e000 JavaThread "JDWP Event Helper Thread" daemon [_thread_blocked, id=17667, stack(0x0000700006f37000,0x0000700007037000)]
  0x00007fd491052000 JavaThread "JDWP Transport Listener: dt_socket" daemon [_thread_blocked, id=17155, stack(0x0000700006e34000,0x0000700006f34000)]
  0x00007fd491051800 JavaThread "Signal Dispatcher" daemon [_thread_blocked, id=16643, stack(0x0000700006d31000,0x0000700006e31000)]
  0x00007fd492841000 JavaThread "Finalizer" daemon [_thread_blocked, id=12547, stack(0x0000700006c2e000,0x0000700006d2e000)]
  0x00007fd49180b800 JavaThread "Reference Handler" daemon [_thread_blocked, id=12035, stack(0x0000700006b2b000,0x0000700006c2b000)]
  0x00007fd491014000 JavaThread "main" [_thread_in_Java, id=7171, stack(0x0000700006519000,0x0000700006619000)]

Other Threads:
  0x00007fd491807000 VMThread [stack: 0x0000700006a28000,0x0000700006b28000] [id=11523]
  0x00007fd4919af000 WatcherThread [stack: 0x0000700007549000,0x0000700007649000] [id=20739]

VM state:not at safepoint (normal execution)

VM Mutex/Monitor currently owned by a thread: None

Heap:
 PSYoungGen      total 185344K, used 75990K [0x00000007b0000000, 0x00000007c0000000, 0x00000007c0000000)
  eden space 143360K, 23% used [0x00000007b0000000,0x00000007b2148d58,0x00000007b8c00000)
  from space 41984K, 99% used [0x00000007b8c00000,0x00000007bb4ecaa8,0x00000007bb500000)
  to   space 61440K, 0% used [0x00000007bc400000,0x00000007bc400000,0x00000007c0000000)
 ParOldGen       total 524288K, used 119841K [0x0000000790000000, 0x00000007b0000000, 0x00000007b0000000)
  object space 524288K, 22% used [0x0000000790000000,0x0000000797508768,0x00000007b0000000)
 Metaspace       used 77806K, capacity 79946K, committed 80128K, reserved 1120256K
  class space    used 8768K, capacity 9358K, committed 9472K, reserved 1048576K

Card table byte_map: [0x0000000104563000,0x00000001046e4000] byte_map_base: 0x00000001008e3000

Marking Bits: (ParMarkBitMap*) 0x0000000103af1ea0
 Begin Bits: [0x00000001047e4000, 0x00000001053e4000)
 End Bits:   [0x00000001053e4000, 0x0000000105fe4000)

Polling page: 0x0000000102938000

CodeCache: size=245760Kb used=22324Kb max_used=22324Kb free=223435Kb
 bounds [0x0000000109d3f000, 0x000000010b31f000, 0x0000000118d3f000]
 total_blobs=10423 nmethods=9636 adapters=706
 compilation: enabled

Compilation events (10 events):
Event: 131.285 Thread 0x00007fd4929e9800 nmethod 9833 0x000000010b30ef10 code [0x000000010b30f0a0, 0x000000010b30f328]
Event: 131.285 Thread 0x00007fd4929e9800 9834       1       org.grails.datastore.mapping.model.types.BasicTypeConverterRegistrar$11::convert (6 bytes)
Event: 131.285 Thread 0x00007fd4929e9800 nmethod 9834 0x000000010b30f490 code [0x000000010b30f600, 0x000000010b30f748]
Event: 131.285 Thread 0x00007fd4929e9800 9835       1       org.grails.datastore.mapping.model.types.BasicTypeConverterRegistrar$11::convert (5 bytes)
Event: 131.285 Thread 0x00007fd4929e9800 nmethod 9835 0x000000010b30f7d0 code [0x000000010b30f940, 0x000000010b30fa88]
Event: 131.285 Thread 0x00007fd4929e9800 9836   !   1       org.grails.datastore.mapping.reflect.FieldEntityAccess$FieldEntityReflector$FieldWriter::write (85 bytes)
Event: 131.286 Thread 0x00007fd4929e9800 nmethod 9836 0x000000010b30fb10 code [0x000000010b30fd60, 0x000000010b3103a8]
Event: 131.286 Thread 0x00007fd4929e9800 9837       1       com.bbarters.auth.User::setId (74 bytes)
Event: 131.287 Thread 0x00007fd4929e9800 nmethod 9837 0x000000010b310a10 code [0x000000010b310be0, 0x000000010b310f58]
Event: 131.287 Thread 0x00007fd4929e9800 9838       1       com.bbarters.auth.UserRole::create (185 bytes)

GC Heap History (10 events):
Event: 64.595 GC heap before
{Heap before GC invocations=36 (full 3):
 PSYoungGen      total 199680K, used 199664K [0x00000007b0000000, 0x00000007c0000000, 0x00000007c0000000)
  eden space 161792K, 100% used [0x00000007b0000000,0x00000007b9e00000,0x00000007b9e00000)
  from space 37888K, 99% used [0x00000007bdb00000,0x00000007bfffc060,0x00000007c0000000)
  to   space 50176K, 0% used [0x00000007b9e00000,0x00000007b9e00000,0x00000007bcf00000)
 ParOldGen       total 524288K, used 113661K [0x0000000790000000, 0x00000007b0000000, 0x00000007b0000000)
  object space 524288K, 21% used [0x0000000790000000,0x0000000796eff578,0x00000007b0000000)
 Metaspace       used 73948K, capacity 75454K, committed 75776K, reserved 1116160K
  class space    used 8220K, capacity 8608K, committed 8704K, reserved 1048576K
Event: 64.654 GC heap after
Heap after GC invocations=36 (full 3):
 PSYoungGen      total 196096K, used 34240K [0x00000007b0000000, 0x00000007c0000000, 0x00000007c0000000)
  eden space 161792K, 0% used [0x00000007b0000000,0x00000007b0000000,0x00000007b9e00000)
  from space 34304K, 99% used [0x00000007b9e00000,0x00000007bbf70050,0x00000007bbf80000)
  to   space 51712K, 0% used [0x00000007bcd80000,0x00000007bcd80000,0x00000007c0000000)
 ParOldGen       total 524288K, used 119809K [0x0000000790000000, 0x00000007b0000000, 0x00000007b0000000)
  object space 524288K, 22% used [0x0000000790000000,0x0000000797500768,0x00000007b0000000)
 Metaspace       used 73948K, capacity 75454K, committed 75776K, reserved 1116160K
  class space    used 8220K, capacity 8608K, committed 8704K, reserved 1048576K
}
Event: 66.823 GC heap before
{Heap before GC invocations=37 (full 3):
 PSYoungGen      total 196096K, used 196032K [0x00000007b0000000, 0x00000007c0000000, 0x00000007c0000000)
  eden space 161792K, 100% used [0x00000007b0000000,0x00000007b9e00000,0x00000007b9e00000)
  from space 34304K, 99% used [0x00000007b9e00000,0x00000007bbf70050,0x00000007bbf80000)
  to   space 51712K, 0% used [0x00000007bcd80000,0x00000007bcd80000,0x00000007c0000000)
 ParOldGen       total 524288K, used 119809K [0x0000000790000000, 0x00000007b0000000, 0x00000007b0000000)
  object space 524288K, 22% used [0x0000000790000000,0x0000000797500768,0x00000007b0000000)
 Metaspace       used 75015K, capacity 76660K, committed 76800K, reserved 1118208K
  class space    used 8403K, capacity 8860K, committed 8960K, reserved 1048576K
Event: 66.879 GC heap after
Heap after GC invocations=37 (full 3):
 PSYoungGen      total 205312K, used 37966K [0x00000007b0000000, 0x00000007c0000000, 0x00000007c0000000)
  eden space 153600K, 0% used [0x00000007b0000000,0x00000007b0000000,0x00000007b9600000)
  from space 51712K, 73% used [0x00000007bcd80000,0x00000007bf2939e8,0x00000007c0000000)
  to   space 54272K, 0% used [0x00000007b9600000,0x00000007b9600000,0x00000007bcb00000)
 ParOldGen       total 524288K, used 119817K [0x0000000790000000, 0x00000007b0000000, 0x00000007b0000000)
  object space 524288K, 22% used [0x0000000790000000,0x0000000797502768,0x00000007b0000000)
 Metaspace       used 75015K, capacity 76660K, committed 76800K, reserved 1118208K
  class space    used 8403K, capacity 8860K, committed 8960K, reserved 1048576K
}
Event: 67.993 GC heap before
{Heap before GC invocations=38 (full 3):
 PSYoungGen      total 205312K, used 191566K [0x00000007b0000000, 0x00000007c0000000, 0x00000007c0000000)
  eden space 153600K, 100% used [0x00000007b0000000,0x00000007b9600000,0x00000007b9600000)
  from space 51712K, 73% used [0x00000007bcd80000,0x00000007bf2939e8,0x00000007c0000000)
  to   space 54272K, 0% used [0x00000007b9600000,0x00000007b9600000,0x00000007bcb00000)
 ParOldGen       total 524288K, used 119817K [0x0000000790000000, 0x00000007b0000000, 0x00000007b0000000)
  object space 524288K, 22% used [0x0000000790000000,0x0000000797502768,0x00000007b0000000)
 Metaspace       used 76755K, capacity 78570K, committed 78592K, reserved 1118208K
  class space    used 8658K, capacity 9201K, committed 9216K, reserved 1048576K
Event: 68.037 GC heap after
Heap after GC invocations=38 (full 3):
 PSYoungGen      total 194560K, used 40879K [0x00000007b0000000, 0x00000007c0000000, 0x00000007c0000000)
  eden space 153600K, 0% used [0x00000007b0000000,0x00000007b0000000,0x00000007b9600000)
  from space 40960K, 99% used [0x00000007b9600000,0x00000007bbdebd18,0x00000007bbe00000)
  to   space 57344K, 0% used [0x00000007bc800000,0x00000007bc800000,0x00000007c0000000)
 ParOldGen       total 524288K, used 119825K [0x0000000790000000, 0x00000007b0000000, 0x00000007b0000000)
  object space 524288K, 22% used [0x0000000790000000,0x0000000797504768,0x00000007b0000000)
 Metaspace       used 76755K, capacity 78570K, committed 78592K, reserved 1118208K
  class space    used 8658K, capacity 9201K, committed 9216K, reserved 1048576K
}
Event: 100.473 GC heap before
{Heap before GC invocations=39 (full 3):
 PSYoungGen      total 194560K, used 194479K [0x00000007b0000000, 0x00000007c0000000, 0x00000007c0000000)
  eden space 153600K, 100% used [0x00000007b0000000,0x00000007b9600000,0x00000007b9600000)
  from space 40960K, 99% used [0x00000007b9600000,0x00000007bbdebd18,0x00000007bbe00000)
  to   space 57344K, 0% used [0x00000007bc800000,0x00000007bc800000,0x00000007c0000000)
 ParOldGen       total 524288K, used 119825K [0x0000000790000000, 0x00000007b0000000, 0x00000007b0000000)
  object space 524288K, 22% used [0x0000000790000000,0x0000000797504768,0x00000007b0000000)
 Metaspace       used 77654K, capacity 79818K, committed 80128K, reserved 1120256K
  class space    used 8768K, capacity 9358K, committed 9472K, reserved 1048576K
Event: 100.530 GC heap after
Heap after GC invocations=39 (full 3):
 PSYoungGen      total 200704K, used 41729K [0x00000007b0000000, 0x00000007c0000000, 0x00000007c0000000)
  eden space 143360K, 0% used [0x00000007b0000000,0x00000007b0000000,0x00000007b8c00000)
  from space 57344K, 72% used [0x00000007bc800000,0x00000007bf0c0740,0x00000007c0000000)
  to   space 59392K, 0% used [0x00000007b8c00000,0x00000007b8c00000,0x00000007bc600000)
 ParOldGen       total 524288K, used 119833K [0x0000000790000000, 0x00000007b0000000, 0x00000007b0000000)
  object space 524288K, 22% used [0x0000000790000000,0x0000000797506768,0x00000007b0000000)
 Metaspace       used 77654K, capacity 79818K, committed 80128K, reserved 1120256K
  class space    used 8768K, capacity 9358K, committed 9472K, reserved 1048576K
}
Event: 126.397 GC heap before
{Heap before GC invocations=40 (full 3):
 PSYoungGen      total 200704K, used 185089K [0x00000007b0000000, 0x00000007c0000000, 0x00000007c0000000)
  eden space 143360K, 100% used [0x00000007b0000000,0x00000007b8c00000,0x00000007b8c00000)
  from space 57344K, 72% used [0x00000007bc800000,0x00000007bf0c0740,0x00000007c0000000)
  to   space 59392K, 0% used [0x00000007b8c00000,0x00000007b8c00000,0x00000007bc600000)
 ParOldGen       total 524288K, used 119833K [0x0000000790000000, 0x00000007b0000000, 0x00000007b0000000)
  object space 524288K, 22% used [0x0000000790000000,0x0000000797506768,0x00000007b0000000)
 Metaspace       used 77806K, capacity 79946K, committed 80128K, reserved 1120256K
  class space    used 8768K, capacity 9358K, committed 9472K, reserved 1048576K
Event: 126.448 GC heap after
Heap after GC invocations=40 (full 3):
 PSYoungGen      total 185344K, used 41906K [0x00000007b0000000, 0x00000007c0000000, 0x00000007c0000000)
  eden space 143360K, 0% used [0x00000007b0000000,0x00000007b0000000,0x00000007b8c00000)
  from space 41984K, 99% used [0x00000007b8c00000,0x00000007bb4ecaa8,0x00000007bb500000)
  to   space 61440K, 0% used [0x00000007bc400000,0x00000007bc400000,0x00000007c0000000)
 ParOldGen       total 524288K, used 119841K [0x0000000790000000, 0x00000007b0000000, 0x00000007b0000000)
  object space 524288K, 22% used [0x0000000790000000,0x0000000797508768,0x00000007b0000000)
 Metaspace       used 77806K, capacity 79946K, committed 80128K, reserved 1120256K
  class space    used 8768K, capacity 9358K, committed 9472K, reserved 1048576K
}

Deoptimization events (0 events):
No events

Internal exceptions (10 events):
Event: 68.129 Thread 0x00007fd491014000 Exception <a 'java/lang/ClassNotFoundException': org/grails/orm/hibernate/HibernateSessionCustomizer> (0x00000007b0d097d0) thrown at [/Users/java_re/workspace/8-2-build-macosx-x86_64/jdk8u131/8869/hotspot/src/share/vm/classfile/systemDictionary.cpp, line 
Event: 68.129 Thread 0x00007fd491014000 Exception <a 'java/lang/ArrayIndexOutOfBoundsException'> (0x00000007b0d0edc0) thrown at [/Users/java_re/workspace/8-2-build-macosx-x86_64/jdk8u131/8869/hotspot/src/share/vm/runtime/sharedRuntime.cpp, line 605]
Event: 68.210 Thread 0x00007fd491014000 Exception <a 'java/lang/ClassNotFoundException': groovy/lang/IntRangeBeanInfo> (0x00000007b13b5640) thrown at [/Users/java_re/workspace/8-2-build-macosx-x86_64/jdk8u131/8869/hotspot/src/share/vm/classfile/systemDictionary.cpp, line 210]
Event: 68.210 Thread 0x00007fd491014000 Exception <a 'java/lang/ClassNotFoundException': groovy/lang/IntRangeCustomizer> (0x00000007b13d2cc0) thrown at [/Users/java_re/workspace/8-2-build-macosx-x86_64/jdk8u131/8869/hotspot/src/share/vm/classfile/systemDictionary.cpp, line 210]
Event: 68.211 Thread 0x00007fd491014000 Exception <a 'java/lang/ArrayIndexOutOfBoundsException'> (0x00000007b13d8088) thrown at [/Users/java_re/workspace/8-2-build-macosx-x86_64/jdk8u131/8869/hotspot/src/share/vm/runtime/sharedRuntime.cpp, line 605]
Event: 68.211 Thread 0x00007fd491014000 Exception <a 'java/lang/ArrayIndexOutOfBoundsException'> (0x00000007b13dcae8) thrown at [/Users/java_re/workspace/8-2-build-macosx-x86_64/jdk8u131/8869/hotspot/src/share/vm/runtime/sharedRuntime.cpp, line 605]
Event: 68.211 Thread 0x00007fd491014000 Exception <a 'java/lang/ArrayIndexOutOfBoundsException'> (0x00000007b13de590) thrown at [/Users/java_re/workspace/8-2-build-macosx-x86_64/jdk8u131/8869/hotspot/src/share/vm/runtime/sharedRuntime.cpp, line 605]
Event: 68.211 Thread 0x00007fd491014000 Exception <a 'java/lang/ArrayIndexOutOfBoundsException'> (0x00000007b13e3b58) thrown at [/Users/java_re/workspace/8-2-build-macosx-x86_64/jdk8u131/8869/hotspot/src/share/vm/runtime/sharedRuntime.cpp, line 605]
Event: 68.216 Thread 0x00007fd491014000 Exception <a 'java/lang/ClassNotFoundException': java/util/RandomBeanInfo> (0x00000007b14708a0) thrown at [/Users/java_re/workspace/8-2-build-macosx-x86_64/jdk8u131/8869/hotspot/src/share/vm/classfile/systemDictionary.cpp, line 210]
Event: 68.216 Thread 0x00007fd491014000 Exception <a 'java/lang/ClassNotFoundException': java/util/RandomCustomizer> (0x00000007b147e4d8) thrown at [/Users/java_re/workspace/8-2-build-macosx-x86_64/jdk8u131/8869/hotspot/src/share/vm/classfile/systemDictionary.cpp, line 210]

Events (10 events):
Event: 131.143 Thread 0x00007fd491014000 DEOPT PACKING pc=0x000000010ae2cf2c sp=0x00007000066144c0
Event: 131.143 Thread 0x00007fd491014000 DEOPT UNPACKING pc=0x0000000109d86633 sp=0x0000700006614208 mode 1
Event: 131.143 Thread 0x00007fd491014000 DEOPT PACKING pc=0x000000010a8e4464 sp=0x0000700006614400
Event: 131.143 Thread 0x00007fd491014000 DEOPT UNPACKING pc=0x0000000109d86633 sp=0x0000700006614148 mode 1
Event: 131.143 Thread 0x00007fd491014000 DEOPT PACKING pc=0x000000010ae2cf2c sp=0x00007000066144c0
Event: 131.143 Thread 0x00007fd491014000 DEOPT UNPACKING pc=0x0000000109d86633 sp=0x0000700006614208 mode 1
Event: 131.143 Thread 0x00007fd491014000 DEOPT PACKING pc=0x000000010a8e4464 sp=0x0000700006614400
Event: 131.143 Thread 0x00007fd491014000 DEOPT UNPACKING pc=0x0000000109d86633 sp=0x0000700006614148 mode 1
Event: 131.143 Thread 0x00007fd491014000 DEOPT PACKING pc=0x000000010ae2cf2c sp=0x00007000066144c0
Event: 131.143 Thread 0x00007fd491014000 DEOPT UNPACKING pc=0x0000000109d86633 sp=0x0000700006614208 mode 1


Dynamic libraries:
0x000000005e2e6000 	/System/Library/Frameworks/Cocoa.framework/Versions/A/Cocoa
0x000000005e2e6000 	/System/Library/Frameworks/Security.framework/Versions/A/Security
0x000000005e2e6000 	/System/Library/Frameworks/ApplicationServices.framework/Versions/A/ApplicationServices
0x000000005e2e6000 	/usr/lib/libz.1.dylib
0x000000005e2e6000 	/usr/lib/libSystem.B.dylib
0x000000005e2e6000 	/usr/lib/libobjc.A.dylib
0x000000005e2e6000 	/System/Library/Frameworks/CoreFoundation.framework/Versions/A/CoreFoundation
0x000000005e2e6000 	/System/Library/Frameworks/Foundation.framework/Versions/C/Foundation
0x000000005e2e6000 	/System/Library/Frameworks/AppKit.framework/Versions/C/AppKit
0x000000005e2e6000 	/System/Library/Frameworks/CoreData.framework/Versions/A/CoreData
0x000000005e2e6000 	/System/Library/PrivateFrameworks/RemoteViewServices.framework/Versions/A/RemoteViewServices
0x000000005e2e6000 	/System/Library/PrivateFrameworks/UIFoundation.framework/Versions/A/UIFoundation
0x000000005e2e6000 	/System/Library/PrivateFrameworks/DFRFoundation.framework/Versions/A/DFRFoundation
0x000000005e2e6000 	/usr/lib/libenergytrace.dylib
0x000000005e2e6000 	/System/Library/PrivateFrameworks/SkyLight.framework/Versions/A/SkyLight
0x000000005e2e6000 	/System/Library/Frameworks/CoreGraphics.framework/Versions/A/CoreGraphics
0x000000005e2e6000 	/usr/lib/libScreenReader.dylib
0x000000005e2e6000 	/System/Library/Frameworks/Accelerate.framework/Versions/A/Accelerate
0x000000005e2e6000 	/System/Library/Frameworks/IOSurface.framework/Versions/A/IOSurface
0x000000005e2e6000 	/System/Library/Frameworks/AudioToolbox.framework/Versions/A/AudioToolbox
0x000000005e2e6000 	/System/Library/Frameworks/AudioUnit.framework/Versions/A/AudioUnit
0x000000005e2e6000 	/System/Library/PrivateFrameworks/DataDetectorsCore.framework/Versions/A/DataDetectorsCore
0x000000005e2e6000 	/System/Library/PrivateFrameworks/DesktopServicesPriv.framework/Versions/A/DesktopServicesPriv
0x000000005e2e6000 	/System/Library/Frameworks/Carbon.framework/Versions/A/Frameworks/HIToolbox.framework/Versions/A/HIToolbox
0x000000005e2e6000 	/usr/lib/libicucore.A.dylib
0x000000005e2e6000 	/System/Library/Frameworks/QuartzCore.framework/Versions/A/QuartzCore
0x000000005e2e6000 	/System/Library/Frameworks/Carbon.framework/Versions/A/Frameworks/SpeechRecognition.framework/Versions/A/SpeechRecognition
0x000000005e2e6000 	/usr/lib/libauto.dylib
0x000000005e2e6000 	/usr/lib/libxml2.2.dylib
0x000000005e2e6000 	/System/Library/PrivateFrameworks/CoreUI.framework/Versions/A/CoreUI
0x000000005e2e6000 	/System/Library/Frameworks/CoreAudio.framework/Versions/A/CoreAudio
0x000000005e2e6000 	/System/Library/Frameworks/DiskArbitration.framework/Versions/A/DiskArbitration
0x000000005e2e6000 	/usr/lib/liblangid.dylib
0x000000005e2e6000 	/System/Library/PrivateFrameworks/MultitouchSupport.framework/Versions/A/MultitouchSupport
0x000000005e2e6000 	/System/Library/Frameworks/IOKit.framework/Versions/A/IOKit
0x000000005e2e6000 	/usr/lib/libDiagnosticMessagesClient.dylib
0x000000005e2e6000 	/System/Library/Frameworks/CoreServices.framework/Versions/A/CoreServices
0x000000005e2e6000 	/System/Library/PrivateFrameworks/PerformanceAnalysis.framework/Versions/A/PerformanceAnalysis
0x000000005e2e6000 	/System/Library/PrivateFrameworks/GenerationalStorage.framework/Versions/A/GenerationalStorage
0x000000005e2e6000 	/System/Library/Frameworks/OpenGL.framework/Versions/A/OpenGL
0x000000005e2e6000 	/System/Library/Frameworks/CoreImage.framework/Versions/A/CoreImage
0x000000005e2e6000 	/System/Library/Frameworks/CoreText.framework/Versions/A/CoreText
0x000000005e2e6000 	/System/Library/Frameworks/ImageIO.framework/Versions/A/ImageIO
0x000000005e2e6000 	/System/Library/PrivateFrameworks/Backup.framework/Versions/A/Backup
0x000000005e2e6000 	/usr/lib/libarchive.2.dylib
0x000000005e2e6000 	/System/Library/Frameworks/CFNetwork.framework/Versions/A/CFNetwork
0x000000005e2e6000 	/System/Library/Frameworks/SystemConfiguration.framework/Versions/A/SystemConfiguration
0x000000005e2e6000 	/usr/lib/libCRFSuite.dylib
0x000000005e2e6000 	/usr/lib/libc++.1.dylib
0x000000005e2e6000 	/usr/lib/libc++abi.dylib
0x000000005e2e6000 	/usr/lib/system/libcache.dylib
0x000000005e2e6000 	/usr/lib/system/libcommonCrypto.dylib
0x000000005e2e6000 	/usr/lib/system/libcompiler_rt.dylib
0x000000005e2e6000 	/usr/lib/system/libcopyfile.dylib
0x000000005e2e6000 	/usr/lib/system/libcorecrypto.dylib
0x000000005e2e6000 	/usr/lib/system/libdispatch.dylib
0x000000005e2e6000 	/usr/lib/system/libdyld.dylib
0x000000005e2e6000 	/usr/lib/system/libkeymgr.dylib
0x000000005e2e6000 	/usr/lib/system/liblaunch.dylib
0x000000005e2e6000 	/usr/lib/system/libmacho.dylib
0x000000005e2e6000 	/usr/lib/system/libquarantine.dylib
0x000000005e2e6000 	/usr/lib/system/libremovefile.dylib
0x000000005e2e6000 	/usr/lib/system/libsystem_asl.dylib
0x000000005e2e6000 	/usr/lib/system/libsystem_blocks.dylib
0x000000005e2e6000 	/usr/lib/system/libsystem_c.dylib
0x000000005e2e6000 	/usr/lib/system/libsystem_configuration.dylib
0x000000005e2e6000 	/usr/lib/system/libsystem_coreservices.dylib
0x000000005e2e6000 	/usr/lib/system/libsystem_coretls.dylib
0x000000005e2e6000 	/usr/lib/system/libsystem_dnssd.dylib
0x000000005e2e6000 	/usr/lib/system/libsystem_info.dylib
0x000000005e2e6000 	/usr/lib/system/libsystem_kernel.dylib
0x000000005e2e6000 	/usr/lib/system/libsystem_m.dylib
0x000000005e2e6000 	/usr/lib/system/libsystem_malloc.dylib
0x000000005e2e6000 	/usr/lib/system/libsystem_network.dylib
0x000000005e2e6000 	/usr/lib/system/libsystem_networkextension.dylib
0x000000005e2e6000 	/usr/lib/system/libsystem_notify.dylib
0x000000005e2e6000 	/usr/lib/system/libsystem_platform.dylib
0x000000005e2e6000 	/usr/lib/system/libsystem_pthread.dylib
0x000000005e2e6000 	/usr/lib/system/libsystem_sandbox.dylib
0x000000005e2e6000 	/usr/lib/system/libsystem_secinit.dylib
0x000000005e2e6000 	/usr/lib/system/libsystem_symptoms.dylib
0x000000005e2e6000 	/usr/lib/system/libsystem_trace.dylib
0x000000005e2e6000 	/usr/lib/system/libunwind.dylib
0x000000005e2e6000 	/usr/lib/system/libxpc.dylib
0x000000005e2e6000 	/usr/lib/libbsm.0.dylib
0x000000005e2e6000 	/usr/lib/system/libkxld.dylib
0x000000005e2e6000 	/usr/lib/libcoretls.dylib
0x000000005e2e6000 	/usr/lib/libcoretls_cfhelpers.dylib
0x000000005e2e6000 	/usr/lib/libOpenScriptingUtil.dylib
0x000000005e2e6000 	/usr/lib/libpam.2.dylib
0x000000005e2e6000 	/usr/lib/libsqlite3.dylib
0x000000005e2e6000 	/usr/lib/libxar.1.dylib
0x000000005e2e6000 	/usr/lib/libbz2.1.0.dylib
0x000000005e2e6000 	/usr/lib/liblzma.5.dylib
0x000000005e2e6000 	/usr/lib/libnetwork.dylib
0x000000005e2e6000 	/usr/lib/libpcap.A.dylib
0x000000005e2e6000 	/System/Library/Frameworks/CoreServices.framework/Versions/A/Frameworks/FSEvents.framework/Versions/A/FSEvents
0x000000005e2e6000 	/System/Library/Frameworks/CoreServices.framework/Versions/A/Frameworks/CarbonCore.framework/Versions/A/CarbonCore
0x000000005e2e6000 	/System/Library/Frameworks/CoreServices.framework/Versions/A/Frameworks/Metadata.framework/Versions/A/Metadata
0x000000005e2e6000 	/System/Library/Frameworks/CoreServices.framework/Versions/A/Frameworks/OSServices.framework/Versions/A/OSServices
0x000000005e2e6000 	/System/Library/Frameworks/CoreServices.framework/Versions/A/Frameworks/SearchKit.framework/Versions/A/SearchKit
0x000000005e2e6000 	/System/Library/Frameworks/CoreServices.framework/Versions/A/Frameworks/AE.framework/Versions/A/AE
0x000000005e2e6000 	/System/Library/Frameworks/CoreServices.framework/Versions/A/Frameworks/LaunchServices.framework/Versions/A/LaunchServices
0x000000005e2e6000 	/System/Library/Frameworks/CoreServices.framework/Versions/A/Frameworks/DictionaryServices.framework/Versions/A/DictionaryServices
0x000000005e2e6000 	/System/Library/Frameworks/CoreServices.framework/Versions/A/Frameworks/SharedFileList.framework/Versions/A/SharedFileList
0x000000005e2e6000 	/System/Library/Frameworks/NetFS.framework/Versions/A/NetFS
0x000000005e2e6000 	/System/Library/PrivateFrameworks/NetAuth.framework/Versions/A/NetAuth
0x000000005e2e6000 	/System/Library/PrivateFrameworks/login.framework/Versions/A/Frameworks/loginsupport.framework/Versions/A/loginsupport
0x000000005e2e6000 	/System/Library/PrivateFrameworks/TCC.framework/Versions/A/TCC
0x000000005e2e6000 	/usr/lib/libmecabra.dylib
0x000000005e2e6000 	/System/Library/Frameworks/ApplicationServices.framework/Versions/A/Frameworks/ATS.framework/Versions/A/ATS
0x000000005e2e6000 	/System/Library/Frameworks/ApplicationServices.framework/Versions/A/Frameworks/ColorSync.framework/Versions/A/ColorSync
0x000000005e2e6000 	/System/Library/Frameworks/ApplicationServices.framework/Versions/A/Frameworks/HIServices.framework/Versions/A/HIServices
0x000000005e2e6000 	/System/Library/Frameworks/ApplicationServices.framework/Versions/A/Frameworks/LangAnalysis.framework/Versions/A/LangAnalysis
0x000000005e2e6000 	/System/Library/Frameworks/ApplicationServices.framework/Versions/A/Frameworks/PrintCore.framework/Versions/A/PrintCore
0x000000005e2e6000 	/System/Library/Frameworks/ApplicationServices.framework/Versions/A/Frameworks/QD.framework/Versions/A/QD
0x000000005e2e6000 	/System/Library/Frameworks/ApplicationServices.framework/Versions/A/Frameworks/SpeechSynthesis.framework/Versions/A/SpeechSynthesis
0x000000005e2e6000 	/System/Library/Frameworks/Accelerate.framework/Versions/A/Frameworks/vImage.framework/Versions/A/vImage
0x000000005e2e6000 	/System/Library/Frameworks/Accelerate.framework/Versions/A/Frameworks/vecLib.framework/Versions/A/vecLib
0x000000005e2e6000 	/System/Library/Frameworks/Accelerate.framework/Versions/A/Frameworks/vecLib.framework/Versions/A/libvDSP.dylib
0x000000005e2e6000 	/System/Library/Frameworks/Accelerate.framework/Versions/A/Frameworks/vecLib.framework/Versions/A/libBNNS.dylib
0x000000005e2e6000 	/System/Library/Frameworks/Accelerate.framework/Versions/A/Frameworks/vecLib.framework/Versions/A/libQuadrature.dylib
0x000000005e2e6000 	/System/Library/Frameworks/Accelerate.framework/Versions/A/Frameworks/vecLib.framework/Versions/A/libvMisc.dylib
0x000000005e2e6000 	/System/Library/Frameworks/Accelerate.framework/Versions/A/Frameworks/vecLib.framework/Versions/A/libLAPACK.dylib
0x000000005e2e6000 	/System/Library/Frameworks/Accelerate.framework/Versions/A/Frameworks/vecLib.framework/Versions/A/libBLAS.dylib
0x000000005e2e6000 	/System/Library/Frameworks/Accelerate.framework/Versions/A/Frameworks/vecLib.framework/Versions/A/libLinearAlgebra.dylib
0x000000005e2e6000 	/System/Library/Frameworks/Accelerate.framework/Versions/A/Frameworks/vecLib.framework/Versions/A/libSparseBLAS.dylib
0x000000005e2e6000 	/System/Library/Frameworks/ApplicationServices.framework/Versions/A/Frameworks/ATS.framework/Versions/A/Resources/libFontParser.dylib
0x000000005e2e6000 	/System/Library/Frameworks/ApplicationServices.framework/Versions/A/Frameworks/ATS.framework/Versions/A/Resources/libFontRegistry.dylib
0x000000005e2e6000 	/System/Library/Frameworks/ImageIO.framework/Versions/A/Resources/libJPEG.dylib
0x000000005e2e6000 	/System/Library/Frameworks/ImageIO.framework/Versions/A/Resources/libTIFF.dylib
0x000000005e2e6000 	/System/Library/Frameworks/ImageIO.framework/Versions/A/Resources/libPng.dylib
0x000000005e2e6000 	/System/Library/Frameworks/ImageIO.framework/Versions/A/Resources/libGIF.dylib
0x000000005e2e6000 	/System/Library/Frameworks/ImageIO.framework/Versions/A/Resources/libJP2.dylib
0x000000005e2e6000 	/System/Library/Frameworks/ImageIO.framework/Versions/A/Resources/libRadiance.dylib
0x000000005e2e6000 	/usr/lib/libcompression.dylib
0x000000005e2e6000 	/System/Library/PrivateFrameworks/AppleJPEG.framework/Versions/A/AppleJPEG
0x000000005e2e6000 	/usr/lib/libcups.2.dylib
0x000000005e2e6000 	/System/Library/Frameworks/Kerberos.framework/Versions/A/Kerberos
0x000000005e2e6000 	/System/Library/Frameworks/GSS.framework/Versions/A/GSS
0x000000005e2e6000 	/usr/lib/libresolv.9.dylib
0x000000005e2e6000 	/usr/lib/libiconv.2.dylib
0x000000005e2e6000 	/System/Library/PrivateFrameworks/Heimdal.framework/Versions/A/Heimdal
0x000000005e2e6000 	/usr/lib/libheimdal-asn1.dylib
0x000000005e2e6000 	/System/Library/Frameworks/OpenDirectory.framework/Versions/A/OpenDirectory
0x000000005e2e6000 	/System/Library/PrivateFrameworks/CommonAuth.framework/Versions/A/CommonAuth
0x000000005e2e6000 	/System/Library/Frameworks/OpenDirectory.framework/Versions/A/Frameworks/CFOpenDirectory.framework/Versions/A/CFOpenDirectory
0x000000005e2e6000 	/System/Library/Frameworks/SecurityFoundation.framework/Versions/A/SecurityFoundation
0x000000005e2e6000 	/System/Library/PrivateFrameworks/LanguageModeling.framework/Versions/A/LanguageModeling
0x000000005e2e6000 	/usr/lib/libmarisa.dylib
0x000000005e2e6000 	/usr/lib/libChineseTokenizer.dylib
0x000000005e2e6000 	/usr/lib/libcmph.dylib
0x000000005e2e6000 	/System/Library/PrivateFrameworks/CoreEmoji.framework/Versions/A/CoreEmoji
0x000000005e2e6000 	/System/Library/Frameworks/ServiceManagement.framework/Versions/A/ServiceManagement
0x000000005e2e6000 	/usr/lib/libxslt.1.dylib
0x000000005e2e6000 	/System/Library/Frameworks/Carbon.framework/Versions/A/Frameworks/Ink.framework/Versions/A/Ink
0x000000005e2e6000 	/System/Library/PrivateFrameworks/TextureIO.framework/Versions/A/TextureIO
0x000000005e2e6000 	/System/Library/Frameworks/Metal.framework/Versions/A/Metal
0x000000005e2e6000 	/usr/lib/libate.dylib
0x000000005e2e6000 	/System/Library/PrivateFrameworks/GPUCompiler.framework/libmetal_timestamp.dylib
0x000000005e2e6000 	/System/Library/Frameworks/OpenGL.framework/Versions/A/Libraries/libCoreFSCache.dylib
0x000000005e2e6000 	/System/Library/PrivateFrameworks/IOAccelerator.framework/Versions/A/IOAccelerator
0x000000005e2e6000 	/System/Library/Frameworks/CoreVideo.framework/Versions/A/CoreVideo
0x000000005e2e6000 	/usr/lib/libFosl_dynamic.dylib
0x000000005e2e6000 	/System/Library/PrivateFrameworks/MetalPerformanceShaders.framework/Versions/A/MetalPerformanceShaders
0x000000005e2e6000 	/System/Library/PrivateFrameworks/FaceCore.framework/Versions/A/FaceCore
0x000000005e2e6000 	/System/Library/Frameworks/OpenCL.framework/Versions/A/OpenCL
0x000000005e2e6000 	/System/Library/Frameworks/OpenGL.framework/Versions/A/Libraries/libGLU.dylib
0x000000005e2e6000 	/System/Library/Frameworks/OpenGL.framework/Versions/A/Libraries/libGFXShared.dylib
0x000000005e2e6000 	/System/Library/Frameworks/OpenGL.framework/Versions/A/Libraries/libGL.dylib
0x000000005e2e6000 	/System/Library/Frameworks/OpenGL.framework/Versions/A/Libraries/libGLImage.dylib
0x000000005e2e6000 	/System/Library/Frameworks/OpenGL.framework/Versions/A/Libraries/libCVMSPluginSupport.dylib
0x000000005e2e6000 	/System/Library/Frameworks/OpenGL.framework/Versions/A/Libraries/libCoreVMClient.dylib
0x000000005e2e6000 	/System/Library/PrivateFrameworks/CrashReporterSupport.framework/Versions/A/CrashReporterSupport
0x000000005e2e6000 	/System/Library/PrivateFrameworks/Sharing.framework/Versions/A/Sharing
0x000000005e2e6000 	/System/Library/PrivateFrameworks/IconServices.framework/Versions/A/IconServices
0x000000005e2e6000 	/System/Library/PrivateFrameworks/ProtocolBuffer.framework/Versions/A/ProtocolBuffer
0x000000005e2e6000 	/System/Library/PrivateFrameworks/Apple80211.framework/Versions/A/Apple80211
0x000000005e2e6000 	/System/Library/Frameworks/CoreWLAN.framework/Versions/A/CoreWLAN
0x000000005e2e6000 	/System/Library/PrivateFrameworks/CoreUtils.framework/Versions/A/CoreUtils
0x000000005e2e6000 	/System/Library/Frameworks/IOBluetooth.framework/Versions/A/IOBluetooth
0x000000005e2e6000 	/System/Library/PrivateFrameworks/CoreWiFi.framework/Versions/A/CoreWiFi
0x000000005e2e6000 	/System/Library/Frameworks/CoreBluetooth.framework/Versions/A/CoreBluetooth
0x000000005e2e6000 	/System/Library/Frameworks/CoreDisplay.framework/Versions/A/CoreDisplay
0x000000005e2e6000 	/System/Library/PrivateFrameworks/IOPresentment.framework/Versions/A/IOPresentment
0x000000005e2e6000 	/System/Library/PrivateFrameworks/DSExternalDisplay.framework/Versions/A/DSExternalDisplay
0x000000005e2e6000 	/System/Library/PrivateFrameworks/DebugSymbols.framework/Versions/A/DebugSymbols
0x000000005e2e6000 	/System/Library/PrivateFrameworks/CoreSymbolication.framework/Versions/A/CoreSymbolication
0x000000005e2e6000 	/System/Library/PrivateFrameworks/Symbolication.framework/Versions/A/Symbolication
0x000000005e2e6000 	/System/Library/PrivateFrameworks/AppleFSCompression.framework/Versions/A/AppleFSCompression
0x000000005e2e6000 	/System/Library/PrivateFrameworks/SpeechRecognitionCore.framework/Versions/A/SpeechRecognitionCore
0x000000005e2e6000 	/System/Library/PrivateFrameworks/ChunkingLibrary.framework/Versions/A/ChunkingLibrary
0x0000000103200000 	/Library/Java/JavaVirtualMachines/jdk1.8.0_131.jdk/Contents/Home/jre/lib/server/libjvm.dylib
0x000000005e2e6000 	/usr/lib/libstdc++.6.dylib
0x00000001028f5000 	/Library/Java/JavaVirtualMachines/jdk1.8.0_131.jdk/Contents/Home/jre/lib/libverify.dylib
0x0000000102903000 	/Library/Java/JavaVirtualMachines/jdk1.8.0_131.jdk/Contents/Home/jre/lib/libjava.dylib
0x0000000102939000 	/Library/Java/JavaVirtualMachines/jdk1.8.0_131.jdk/Contents/Home/jre/lib/libjdwp.dylib
0x0000000102984000 	/Library/Java/JavaVirtualMachines/jdk1.8.0_131.jdk/Contents/Home/jre/lib/libnpt.dylib
0x0000000102988000 	/Library/Java/JavaVirtualMachines/jdk1.8.0_131.jdk/Contents/Home/jre/lib/libinstrument.dylib
0x00000001029e6000 	/Library/Java/JavaVirtualMachines/jdk1.8.0_131.jdk/Contents/Home/jre/lib/libzip.dylib
0x0000000107c0b000 	/System/Library/Frameworks/JavaVM.framework/Frameworks/JavaRuntimeSupport.framework/JavaRuntimeSupport
0x0000000107c25000 	/System/Library/Frameworks/JavaVM.framework/Versions/A/Frameworks/JavaNativeFoundation.framework/Versions/A/JavaNativeFoundation
0x0000000107c3a000 	/System/Library/Frameworks/JavaVM.framework/Versions/A/JavaVM
0x000000005e2e6000 	/System/Library/Frameworks/Carbon.framework/Versions/A/Carbon
0x0000000107c47000 	/System/Library/PrivateFrameworks/JavaLaunching.framework/Versions/A/JavaLaunching
0x000000005e2e6000 	/System/Library/Frameworks/Carbon.framework/Versions/A/Frameworks/CommonPanels.framework/Versions/A/CommonPanels
0x000000005e2e6000 	/System/Library/Frameworks/Carbon.framework/Versions/A/Frameworks/Help.framework/Versions/A/Help
0x000000005e2e6000 	/System/Library/Frameworks/Carbon.framework/Versions/A/Frameworks/ImageCapture.framework/Versions/A/ImageCapture
0x000000005e2e6000 	/System/Library/Frameworks/Carbon.framework/Versions/A/Frameworks/OpenScripting.framework/Versions/A/OpenScripting
0x000000005e2e6000 	/System/Library/Frameworks/Carbon.framework/Versions/A/Frameworks/Print.framework/Versions/A/Print
0x000000005e2e6000 	/System/Library/Frameworks/Carbon.framework/Versions/A/Frameworks/SecurityHI.framework/Versions/A/SecurityHI
0x0000000109554000 	/Library/Java/JavaVirtualMachines/jdk1.8.0_131.jdk/Contents/Home/jre/lib/libdt_socket.dylib
0x0000000109c87000 	/Library/Java/JavaVirtualMachines/jdk1.8.0_131.jdk/Contents/Home/jre/lib/libnet.dylib
0x0000000109c9e000 	/Library/Java/JavaVirtualMachines/jdk1.8.0_131.jdk/Contents/Home/jre/lib/libmanagement.dylib
0x0000000119c25000 	/Library/Java/JavaVirtualMachines/jdk1.8.0_131.jdk/Contents/Home/jre/lib/libnio.dylib

VM Arguments:
jvm_args: -Dendpoints.shutdown.enabled=true -Denv=development -Dfull.stacktrace=false -Dgrails.env=development -Dgrails.full.stacktrace=false -Dinfo.app.grailsVersion=3.2.11 -Dinfo.app.name=bnp -Dinfo.app.version=0.1 -Djdk.reflect.allowGetCallerClass=true -Drun.active=true -Dspring.output.ansi.enabled=always -Dspringloaded=inclusions=grails.plugins..*;synchronize=true;allowSplitPackages=true;cacheDir=/Users/ksjoshi88/techwork/bnp/build/springloaded -Dverbose=false -XX:+TieredCompilation -XX:TieredStopAtLevel=1 -XX:CICompilerCount=3 -agentlib:jdwp=transport=dt_socket,address=50743,suspend=n,server=y -javaagent:/Users/ksjoshi88/.gradle/caches/modules-2/files-2.1/org.springframework/springloaded/1.2.7.RELEASE/83d209e87380fd30a294cefd458ab6170722e80c/springloaded-1.2.7.RELEASE.jar -Xverify:none -Xms768m -Xmx768m -Dfile.encoding=UTF-8 -Duser.country=US -Duser.language=en -Duser.variant 
java_command: bnp.Application
java_class_path (initial): /Users/ksjoshi88/techwork/bnp/src/main/resources:/Users/ksjoshi88/techwork/bnp/grails-app/views:/Users/ksjoshi88/techwork/bnp/grails-app/i18n:/Users/ksjoshi88/techwork/bnp/grails-app/conf:/Users/ksjoshi88/techwork/bnp/build/classes/main:/Users/ksjoshi88/techwork/bnp/build/resources/main:/Users/ksjoshi88/techwork/bnp/gsp-classes:/Users/ksjoshi88/.gradle/caches/modules-2/files-2.1/org.springframework.boot/spring-boot-starter-logging/1.4.6.RELEASE/639c8849482bb82fb13be276338deee10115c80/spring-boot-starter-logging-1.4.6.RELEASE.jar:/Users/ksjoshi88/.gradle/caches/modules-2/files-2.1/org.springframework.boot/spring-boot-autoconfigure/1.4.6.RELEASE/e99ac84ecc30710ac838ad02894100b0020127a4/spring-boot-autoconfigure-1.4.6.RELEASE.jar:/Users/ksjoshi88/.gradle/caches/modules-2/files-2.1/org.grails/grails-core/3.2.11/c1aefcd4c25287c78c72aebf529de770ceb6d0a0/grails-core-3.2.11.jar:/Users/ksjoshi88/.gradle/caches/modules-2/files-2.1/org.springframework.boot/spring-boot-starter-actuator/1.4.6.RELEASE/a3c60642beb74380a118cbf99d43aee30b09a806/spring-boot-starter-actuator-1.4.6.RELEASE.jar:/Users/ksjoshi88/.gradle/caches/modules-2/files-2.1/org.springframework.boot/spring-boot-starter-tomcat/1.4.6.RELEASE/1c819251f7cf2122c0d9847368c401b9b382469f/spring-boot-starter-tomcat-1.4.6.RELEASE.jar:/Users/ksjoshi88/.gradle/caches/modules-2/files-2.1/org.grails/grails-web-boot/3.2.11/7036bbc079d081a010e33795078f9411c1adeb5a/grails-web-boot-3.2.11.jar:/Users/ksjoshi88/.gradle/caches/modules-2/files-2.1/org.grails.plugins/cache/3.0.3/e857268f939b4b907ce91ff4f5217cfb97abcaa7/cache-3.0.3.jar:/Users/ksjoshi88/.gradle/caches/modules-2/files-2.1/org.grails.plugins/scaffolding/3.3.3/84c5d0b6452caa16edf90248c99d1033544eb993/scaffolding-3.3.3.jar:/Users/ksjoshi88/.gradle/caches/modules-2/files-2.1/org.grails.plugins/hibernate5/6.0.12/44353fd886468c68b63af41911e6d0139cc0bac/hibernate5-6.0.12.jar:/Users/ksjoshi88/.gradle/caches/modules-2/files-2.1/org.hibernate/hibernate-cor
Launcher Type: SUN_STANDARD

Environment Variables:
PATH=/Users/ksjoshi88/.sdkman/candidates/groovy/current/bin:/Users/ksjoshi88/.sdkman/candidates/grails/current/bin:/Users/ksjoshi88/.rbenv/shims:/usr/local/bin:/usr/bin:/bin:/usr/sbin:/sbin
SHELL=/bin/bash

Signal Handlers:
SIGSEGV: [libjvm.dylib+0x5b1eb1], sa_mask[0]=11111111011111110111111111111111, sa_flags=SA_ONSTACK|SA_RESTART|SA_SIGINFO
SIGBUS: [libjvm.dylib+0x5b1eb1], sa_mask[0]=11111111011111110111111111111111, sa_flags=SA_RESTART|SA_SIGINFO
SIGFPE: [libjvm.dylib+0x488988], sa_mask[0]=11111111011111110111111111111111, sa_flags=SA_RESTART|SA_SIGINFO
SIGPIPE: [libjvm.dylib+0x488988], sa_mask[0]=11111111011111110111111111111111, sa_flags=SA_RESTART|SA_SIGINFO
SIGXFSZ: [libjvm.dylib+0x488988], sa_mask[0]=11111111011111110111111111111111, sa_flags=SA_RESTART|SA_SIGINFO
SIGILL: [libjvm.dylib+0x488988], sa_mask[0]=11111111011111110111111111111111, sa_flags=SA_RESTART|SA_SIGINFO
SIGUSR1: SIG_DFL, sa_mask[0]=00000000000000000000000000000000, sa_flags=none
SIGUSR2: [libjvm.dylib+0x4884a6], sa_mask[0]=00100000000000000000000000000000, sa_flags=SA_RESTART|SA_SIGINFO
SIGHUP: [libjvm.dylib+0x486a7d], sa_mask[0]=11111111011111110111111111111111, sa_flags=SA_RESTART|SA_SIGINFO
SIGINT: [libjvm.dylib+0x486a7d], sa_mask[0]=11111111011111110111111111111111, sa_flags=SA_RESTART|SA_SIGINFO
SIGTERM: [libjvm.dylib+0x486a7d], sa_mask[0]=11111111011111110111111111111111, sa_flags=SA_RESTART|SA_SIGINFO
SIGQUIT: [libjvm.dylib+0x486a7d], sa_mask[0]=11111111011111110111111111111111, sa_flags=SA_RESTART|SA_SIGINFO


---------------  S Y S T E M  ---------------

OS:Bsduname:Darwin 16.7.0 Darwin Kernel Version 16.7.0: Thu Jun 15 17:36:27 PDT 2017; root:xnu-3789.70.16~2/RELEASE_X86_64 x86_64
rlimit: STACK 8192k, CORE 0k, NPROC 709, NOFILE 10240, AS infinity
load average:4.13 3.55 3.27

CPU:total 4 (initial active 4) (2 cores per cpu, 2 threads per core) family 6 model 61 stepping 4, cmov, cx8, fxsr, mmx, sse, sse2, sse3, ssse3, sse4.1, sse4.2, popcnt, avx, avx2, aes, clmul, erms, 3dnowpref, lzcnt, ht, tsc, tscinvbit, bmi1, bmi2, adx

Memory: 4k page, physical 8388608k(468948k free)

/proc/meminfo:


vm_info: Java HotSpot(TM) 64-Bit Server VM (25.131-b11) for bsd-amd64 JRE (1.8.0_131-b11), built on Mar 15 2017 01:32:22 by "java_re" with gcc 4.2.1 (Based on Apple Inc. build 5658) (LLVM build 2336.11.00)

time: Fri Aug 11 23:02:57 2017
elapsed time: 131 seconds (0d 0h 2m 11s)

