#
# A fatal error has been detected by the Java Runtime Environment:
#
#  SIGSEGV (0xb) at pc=0x0000000109cf3e98, pid=6173, tid=0x0000000000004b03
#
# JRE version: Java(TM) SE Runtime Environment (8.0_131-b11) (build 1.8.0_131-b11)
# Java VM: Java HotSpot(TM) 64-Bit Server VM (25.131-b11 mixed mode bsd-amd64 compressed oops)
# Problematic frame:
# V  [libjvm.dylib+0xf3e98]
#
# Failed to write core dump. Core dumps have been disabled. To enable core dumping, try "ulimit -c unlimited" before starting Java again
#
# If you would like to submit a bug report, please visit:
#   http://bugreport.java.com/bugreport/crash.jsp
#

---------------  T H R E A D  ---------------

Current thread (0x00007fc787ac3000):  JavaThread "C1 CompilerThread2" daemon [_thread_in_native, id=19203, stack(0x00007000074fa000,0x00007000075fa000)]

siginfo: si_signo: 11 (SIGSEGV), si_code: 1 (SEGV_MAPERR), si_addr: 0x0000000000000018

Registers:
RAX=0x0000000000000004, RBX=0x00007fc7862c3520, RCX=0x00007fc7862c34f0, RDX=0x0000000000000000
RSP=0x00007000075f8f20, RBP=0x00007000075f8f80, RSI=0x00007fc787fa4000, RDI=0x00007000075f8e40
R8 =0x0000000000000014, R9 =0x0000000000000000, R10=0x0000000000000000, R11=0xffffffff00000000
R12=0x00007fc7862c3470, R13=0x0000000000000004, R14=0x00007000075f92d0, R15=0x0000000000000004
RIP=0x0000000109cf3e98, EFLAGS=0x0000000000010297, ERR=0x0000000000000004
  TRAPNO=0x000000000000000e

Top of Stack: (sp=0x00007000075f8f20)
0x00007000075f8f20:   000000000cbfcc10 00007fc787fa3240
0x00007000075f8f30:   000000010cbfcc10 0000000100000000
0x00007000075f8f40:   00007fc7862c2430 00007fc7861c1e40
0x00007000075f8f50:   00007000075f8f70 0000000000000000
0x00007000075f8f60:   00007fc7861c1e40 00007000075f92d0
0x00007000075f8f70:   00000000000000b8 0000000000000000
0x00007000075f8f80:   00007000075f8fc0 0000000109cf465a
0x00007000075f8f90:   0000000111eb8f00 00007000075f92d0
0x00007000075f8fa0:   00007fc7861c1e40 00007fc787fa4330
0x00007000075f8fb0:   0000000000000000 0000000000000000
0x00007000075f8fc0:   00007000075f9070 0000000109cf56b2
0x00007000075f8fd0:   00007000075f9010 0000000109d4f039
0x00007000075f8fe0:   0000000000000000 0000000000000000
0x00007000075f8ff0:   00000000862c1eb0 00007fc787fa4300
0x00007000075f9000:   00007fc7861bb410 00007fc786829440
0x00007000075f9010:   00007fc786829440 00007fc786829440
0x00007000075f9020:   0000000000000000 000000b887fa4330
0x00007000075f9030:   00007fc7861c1e40 00007fc7861c1ee0
0x00007000075f9040:   01007fc7862c23b0 000000010a4de940
0x00007000075f9050:   00007fc7862c1eb0 00007fc787fa4330
0x00007000075f9060:   00007000075f92d0 00000000000000b8
0x00007000075f9070:   00007000075f9100 0000000109cf7d57
0x00007000075f9080:   00007fc7862c1e50 0000000000000000
0x00007000075f9090:   00007fc7861bb4c0 00007fc7861bb410
0x00007000075f90a0:   00007fc7861bd456 0000000000000000
0x00007000075f90b0:   00007fc7862c1dd0 00007fc7861bd3d0
0x00007000075f90c0:   00007fc7861bd489 00007fc7861bd459
0x00007000075f90d0:   000000b8000000b8 00007000075f92d0
0x00007000075f90e0:   00007fc787fa23e0 00007fc787fa4330
0x00007000075f90f0:   ffffffffffffff00 00007fc787fa3240
0x00007000075f9100:   00007000075f9130 0000000109cf4529
0x00007000075f9110:   00007000075f9130 00007fc78611c180 

Instructions: (pc=0x0000000109cf3e98)
0x0000000109cf3e78:   48 20 49 8b 5e 50 4c 8b 63 08 45 3b 7c 24 30 7d
0x0000000109cf3e88:   31 45 89 fd 49 63 c5 49 8b 4c 24 38 48 8b 14 c1
0x0000000109cf3e98:   48 8b 4a 18 44 8b 69 08 41 01 c5 89 c1 44 29 f9
0x0000000109cf3ea8:   4c 89 f7 48 89 de e8 1f 91 ff ff 45 3b 6c 24 30 

Register to memory mapping:

RAX=0x0000000000000004 is an unknown value
RBX=0x00007fc7862c3520 is an unknown value
RCX=0x00007fc7862c34f0 is an unknown value
RDX=0x0000000000000000 is an unknown value
RSP=0x00007000075f8f20 is pointing into the stack for thread: 0x00007fc787ac3000
RBP=0x00007000075f8f80 is pointing into the stack for thread: 0x00007fc787ac3000
RSI=0x00007fc787fa4000 is an unknown value
RDI=0x00007000075f8e40 is pointing into the stack for thread: 0x00007fc787ac3000
R8 =0x0000000000000014 is an unknown value
R9 =0x0000000000000000 is an unknown value
R10=0x0000000000000000 is an unknown value
R11=0xffffffff00000000 is an unknown value
R12=0x00007fc7862c3470 is an unknown value
R13=0x0000000000000004 is an unknown value
R14=0x00007000075f92d0 is pointing into the stack for thread: 0x00007fc787ac3000
R15=0x0000000000000004 is an unknown value


Stack: [0x00007000074fa000,0x00007000075fa000],  sp=0x00007000075f8f20,  free space=1019k
Native frames: (J=compiled Java code, j=interpreted, Vv=VM code, C=native code)
V  [libjvm.dylib+0xf3e98]
V  [libjvm.dylib+0xf465a]
V  [libjvm.dylib+0xf56b2]
V  [libjvm.dylib+0xf7d57]
V  [libjvm.dylib+0xf4529]
V  [libjvm.dylib+0xf8b15]
V  [libjvm.dylib+0xfdfea]
V  [libjvm.dylib+0xfe09b]
V  [libjvm.dylib+0xe87ff]
V  [libjvm.dylib+0xe898e]
V  [libjvm.dylib+0xe8bb7]
V  [libjvm.dylib+0xe8dcc]
V  [libjvm.dylib+0xe954e]
V  [libjvm.dylib+0x1b71f8]
V  [libjvm.dylib+0x1b973f]
V  [libjvm.dylib+0x56b87f]
V  [libjvm.dylib+0x56cf6c]
V  [libjvm.dylib+0x48b376]
C  [libsystem_pthread.dylib+0x393b]  _pthread_body+0xb4
C  [libsystem_pthread.dylib+0x3887]  _pthread_body+0x0
C  [libsystem_pthread.dylib+0x308d]  thread_start+0xd
C  0x0000000000000000


Current CompileTask:
C1: 125898 9824       1       com.bbarters.auth.UserRole::create (185 bytes)


---------------  P R O C E S S  ---------------

Java Threads: ( => current thread )
  0x00007fc78733e800 JavaThread "container-0" [_thread_blocked, id=24835, stack(0x0000700008221000,0x0000700008321000)]
  0x00007fc787647000 JavaThread "ContainerBackgroundProcessor[StandardEngine[Tomcat]]" daemon [_thread_blocked, id=24323, stack(0x000070000811e000,0x000070000821e000)]
  0x00007fc787df6000 JavaThread "Statistics Thread-__DEFAULT__-1" daemon [_thread_blocked, id=23811, stack(0x000070000801b000,0x000070000811b000)]
  0x00007fc786a11800 JavaThread "com%002ebbarters%002eauth%002e%0052ole.data" [_thread_blocked, id=23303, stack(0x0000700007f18000,0x0000700008018000)]
  0x00007fc786219800 JavaThread "__DEFAULT__" daemon [_thread_blocked, id=22787, stack(0x0000700007e15000,0x0000700007f15000)]
  0x00007fc7863a7000 JavaThread "Abandoned connection cleanup thread" daemon [_thread_blocked, id=22275, stack(0x0000700007d12000,0x0000700007e12000)]
  0x00007fc78768e800 JavaThread "Tomcat JDBC Pool Cleaner[414493378:1502471886786]" daemon [_thread_blocked, id=21763, stack(0x0000700007c0f000,0x0000700007d0f000)]
  0x00007fc786a71800 JavaThread "JDWP Command Reader" daemon [_thread_in_native, id=21251, stack(0x0000700007906000,0x0000700007a06000)]
  0x00007fc786991000 JavaThread "FileSystemWatcher: files=#78 cl=sun.misc.Launcher$AppClassLoader@18b4aac2" daemon [_thread_blocked, id=20739, stack(0x0000700007803000,0x0000700007903000)]
  0x00007fc787022000 JavaThread "Service Thread" daemon [_thread_blocked, id=19715, stack(0x00007000075fd000,0x00007000076fd000)]
=>0x00007fc787ac3000 JavaThread "C1 CompilerThread2" daemon [_thread_in_native, id=19203, stack(0x00007000074fa000,0x00007000075fa000)]
  0x00007fc787ac2800 JavaThread "C2 CompilerThread1" daemon [_thread_blocked, id=18691, stack(0x00007000073f7000,0x00007000074f7000)]
  0x00007fc787ac1800 JavaThread "C2 CompilerThread0" daemon [_thread_blocked, id=18179, stack(0x00007000072f4000,0x00007000073f4000)]
  0x00007fc787807800 JavaThread "JDWP Event Helper Thread" daemon [_thread_blocked, id=17667, stack(0x00007000071f1000,0x00007000072f1000)]
  0x00007fc786064800 JavaThread "JDWP Transport Listener: dt_socket" daemon [_thread_blocked, id=17155, stack(0x00007000070ee000,0x00007000071ee000)]
  0x00007fc786827000 JavaThread "Signal Dispatcher" daemon [_thread_blocked, id=16643, stack(0x0000700006feb000,0x00007000070eb000)]
  0x00007fc787805800 JavaThread "Finalizer" daemon [_thread_blocked, id=12547, stack(0x0000700006ee8000,0x0000700006fe8000)]
  0x00007fc787805000 JavaThread "Reference Handler" daemon [_thread_blocked, id=12035, stack(0x0000700006de5000,0x0000700006ee5000)]
  0x00007fc787019000 JavaThread "main" [_thread_in_native, id=7171, stack(0x00007000067d3000,0x00007000068d3000)]

Other Threads:
  0x00007fc78680a000 VMThread [stack: 0x0000700006ce2000,0x0000700006de2000] [id=11523]
  0x00007fc7872da800 WatcherThread [stack: 0x0000700007700000,0x0000700007800000] [id=20227]

VM state:not at safepoint (normal execution)

VM Mutex/Monitor currently owned by a thread: None

Heap:
 PSYoungGen      total 188928K, used 170509K [0x00000007b0000000, 0x00000007c0000000, 0x00000007c0000000)
  eden space 122880K, 98% used [0x00000007b0000000,0x00000007b7607678,0x00000007b7800000)
  from space 66048K, 75% used [0x00000007bbf80000,0x00000007beffc060,0x00000007c0000000)
  to   space 69632K, 0% used [0x00000007b7800000,0x00000007b7800000,0x00000007bbc00000)
 ParOldGen       total 524288K, used 113862K [0x0000000790000000, 0x00000007b0000000, 0x00000007b0000000)
  object space 524288K, 21% used [0x0000000790000000,0x0000000796f31b90,0x00000007b0000000)
 Metaspace       used 77888K, capacity 80074K, committed 80344K, reserved 1120256K
  class space    used 8767K, capacity 9358K, committed 9472K, reserved 1048576K

Card table byte_map: [0x000000010af63000,0x000000010b0e4000] byte_map_base: 0x00000001072e3000

Marking Bits: (ParMarkBitMap*) 0x000000010a4f1ea0
 Begin Bits: [0x000000010b1e4000, 0x000000010bde4000)
 End Bits:   [0x000000010bde4000, 0x000000010c9e4000)

Polling page: 0x00000001092cf000

CodeCache: size=245760Kb used=22168Kb max_used=22168Kb free=223591Kb
 bounds [0x00000001175da000, 0x0000000118b8a000, 0x00000001265da000]
 total_blobs=10410 nmethods=9623 adapters=706
 compilation: enabled

Compilation events (10 events):
Event: 125.874 Thread 0x00007fc787ac3000 nmethod 9818 0x0000000118b828d0 code [0x0000000118b82b20, 0x0000000118b83168]
Event: 125.874 Thread 0x00007fc787ac3000 9820       1       org.hibernate.tuple.entity.EntityMetamodel::getPropertyIndexOrNull (14 bytes)
Event: 125.874 Thread 0x00007fc787ac3000 nmethod 9820 0x0000000118b837d0 code [0x0000000118b83940, 0x0000000118b83ac8]
Event: 125.874 Thread 0x00007fc787ac3000 9821       1       org.hibernate.type.CollectionType::nullSafeSet (1 bytes)
Event: 125.874 Thread 0x00007fc787ac3000 nmethod 9821 0x0000000118b83b50 code [0x0000000118b83ca0, 0x0000000118b83db0]
Event: 125.875 Thread 0x00007fc787ac3000 9822       1       com.bbarters.auth.LifetimeMember::setId (31 bytes)
Event: 125.875 Thread 0x00007fc787ac3000 nmethod 9822 0x0000000118b83e10 code [0x0000000118b83fa0, 0x0000000118b84218]
Event: 125.875 Thread 0x00007fc787ac3000 9823       1       com.bbarters.auth.User::setId (74 bytes)
Event: 125.876 Thread 0x00007fc787ac3000 nmethod 9823 0x0000000118b84350 code [0x0000000118b84520, 0x0000000118b84898]
Event: 125.876 Thread 0x00007fc787ac3000 9824       1       com.bbarters.auth.UserRole::create (185 bytes)

GC Heap History (10 events):
Event: 57.877 GC heap before
{Heap before GC invocations=35 (full 3):
 PSYoungGen      total 219136K, used 219120K [0x00000007b0000000, 0x00000007c0000000, 0x00000007c0000000)
  eden space 176128K, 100% used [0x00000007b0000000,0x00000007bac00000,0x00000007bac00000)
  from space 43008K, 99% used [0x00000007bac00000,0x00000007bd5fc060,0x00000007bd600000)
  to   space 43008K, 0% used [0x00000007bd600000,0x00000007bd600000,0x00000007c0000000)
 ParOldGen       total 524288K, used 107702K [0x0000000790000000, 0x00000007b0000000, 0x00000007b0000000)
  object space 524288K, 20% used [0x0000000790000000,0x000000079692d9b0,0x00000007b0000000)
 Metaspace       used 74007K, capacity 75518K, committed 75736K, reserved 1116160K
  class space    used 8218K, capacity 8608K, committed 8704K, reserved 1048576K
Event: 57.934 GC heap after
Heap after GC invocations=35 (full 3):
 PSYoungGen      total 198656K, used 41289K [0x00000007b0000000, 0x00000007c0000000, 0x00000007c0000000)
  eden space 155648K, 0% used [0x00000007b0000000,0x00000007b0000000,0x00000007b9800000)
  from space 43008K, 96% used [0x00000007bd600000,0x00000007bfe52700,0x00000007c0000000)
  to   space 53248K, 0% used [0x00000007b9800000,0x00000007b9800000,0x00000007bcc00000)
 ParOldGen       total 524288K, used 113838K [0x0000000790000000, 0x00000007b0000000, 0x00000007b0000000)
  object space 524288K, 21% used [0x0000000790000000,0x0000000796f2bb90,0x00000007b0000000)
 Metaspace       used 74007K, capacity 75518K, committed 75736K, reserved 1116160K
  class space    used 8218K, capacity 8608K, committed 8704K, reserved 1048576K
}
Event: 61.182 GC heap before
{Heap before GC invocations=36 (full 3):
 PSYoungGen      total 198656K, used 196937K [0x00000007b0000000, 0x00000007c0000000, 0x00000007c0000000)
  eden space 155648K, 100% used [0x00000007b0000000,0x00000007b9800000,0x00000007b9800000)
  from space 43008K, 96% used [0x00000007bd600000,0x00000007bfe52700,0x00000007c0000000)
  to   space 53248K, 0% used [0x00000007b9800000,0x00000007b9800000,0x00000007bcc00000)
 ParOldGen       total 524288K, used 113838K [0x0000000790000000, 0x00000007b0000000, 0x00000007b0000000)
  object space 524288K, 21% used [0x0000000790000000,0x0000000796f2bb90,0x00000007b0000000)
 Metaspace       used 74111K, capacity 75678K, committed 75992K, reserved 1116160K
  class space    used 8232K, capacity 8640K, committed 8704K, reserved 1048576K
Event: 61.227 GC heap after
Heap after GC invocations=36 (full 3):
 PSYoungGen      total 199680K, used 43573K [0x00000007b0000000, 0x00000007c0000000, 0x00000007c0000000)
  eden space 155648K, 0% used [0x00000007b0000000,0x00000007b0000000,0x00000007b9800000)
  from space 44032K, 98% used [0x00000007b9800000,0x00000007bc28d748,0x00000007bc300000)
  to   space 57344K, 0% used [0x00000007bc800000,0x00000007bc800000,0x00000007c0000000)
 ParOldGen       total 524288K, used 113846K [0x0000000790000000, 0x00000007b0000000, 0x00000007b0000000)
  object space 524288K, 21% used [0x0000000790000000,0x0000000796f2db90,0x00000007b0000000)
 Metaspace       used 74111K, capacity 75678K, committed 75992K, reserved 1116160K
  class space    used 8232K, capacity 8640K, committed 8704K, reserved 1048576K
}
Event: 61.957 GC heap before
{Heap before GC invocations=37 (full 3):
 PSYoungGen      total 199680K, used 199221K [0x00000007b0000000, 0x00000007c0000000, 0x00000007c0000000)
  eden space 155648K, 100% used [0x00000007b0000000,0x00000007b9800000,0x00000007b9800000)
  from space 44032K, 98% used [0x00000007b9800000,0x00000007bc28d748,0x00000007bc300000)
  to   space 57344K, 0% used [0x00000007bc800000,0x00000007bc800000,0x00000007c0000000)
 ParOldGen       total 524288K, used 113846K [0x0000000790000000, 0x00000007b0000000, 0x00000007b0000000)
  object space 524288K, 21% used [0x0000000790000000,0x0000000796f2db90,0x00000007b0000000)
 Metaspace       used 76158K, capacity 77850K, committed 78168K, reserved 1118208K
  class space    used 8539K, capacity 9022K, committed 9088K, reserved 1048576K
Event: 62.006 GC heap after
Heap after GC invocations=37 (full 3):
 PSYoungGen      total 195584K, used 46909K [0x00000007b0000000, 0x00000007c0000000, 0x00000007c0000000)
  eden space 138240K, 0% used [0x00000007b0000000,0x00000007b0000000,0x00000007b8700000)
  from space 57344K, 81% used [0x00000007bc800000,0x00000007bf5cf6c8,0x00000007c0000000)
  to   space 61952K, 0% used [0x00000007b8700000,0x00000007b8700000,0x00000007bc380000)
 ParOldGen       total 524288K, used 113846K [0x0000000790000000, 0x00000007b0000000, 0x00000007b0000000)
  object space 524288K, 21% used [0x0000000790000000,0x0000000796f2db90,0x00000007b0000000)
 Metaspace       used 76158K, capacity 77850K, committed 78168K, reserved 1118208K
  class space    used 8539K, capacity 9022K, committed 9088K, reserved 1048576K
}
Event: 75.421 GC heap before
{Heap before GC invocations=38 (full 3):
 PSYoungGen      total 195584K, used 185149K [0x00000007b0000000, 0x00000007c0000000, 0x00000007c0000000)
  eden space 138240K, 100% used [0x00000007b0000000,0x00000007b8700000,0x00000007b8700000)
  from space 57344K, 81% used [0x00000007bc800000,0x00000007bf5cf6c8,0x00000007c0000000)
  to   space 61952K, 0% used [0x00000007b8700000,0x00000007b8700000,0x00000007bc380000)
 ParOldGen       total 524288K, used 113846K [0x0000000790000000, 0x00000007b0000000, 0x00000007b0000000)
  object space 524288K, 21% used [0x0000000790000000,0x0000000796f2db90,0x00000007b0000000)
 Metaspace       used 77625K, capacity 79754K, committed 80088K, reserved 1120256K
  class space    used 8766K, capacity 9358K, committed 9472K, reserved 1048576K
Event: 75.475 GC heap after
Heap after GC invocations=38 (full 3):
 PSYoungGen      total 188416K, used 49745K [0x00000007b0000000, 0x00000007c0000000, 0x00000007c0000000)
  eden space 138240K, 0% used [0x00000007b0000000,0x00000007b0000000,0x00000007b8700000)
  from space 50176K, 99% used [0x00000007b8700000,0x00000007bb794710,0x00000007bb800000)
  to   space 66048K, 0% used [0x00000007bbf80000,0x00000007bbf80000,0x00000007c0000000)
 ParOldGen       total 524288K, used 113854K [0x0000000790000000, 0x00000007b0000000, 0x00000007b0000000)
  object space 524288K, 21% used [0x0000000790000000,0x0000000796f2fb90,0x00000007b0000000)
 Metaspace       used 77625K, capacity 79754K, committed 80088K, reserved 1120256K
  class space    used 8766K, capacity 9358K, committed 9472K, reserved 1048576K
}
Event: 106.031 GC heap before
{Heap before GC invocations=39 (full 3):
 PSYoungGen      total 188416K, used 187985K [0x00000007b0000000, 0x00000007c0000000, 0x00000007c0000000)
  eden space 138240K, 100% used [0x00000007b0000000,0x00000007b8700000,0x00000007b8700000)
  from space 50176K, 99% used [0x00000007b8700000,0x00000007bb794710,0x00000007bb800000)
  to   space 66048K, 0% used [0x00000007bbf80000,0x00000007bbf80000,0x00000007c0000000)
 ParOldGen       total 524288K, used 113854K [0x0000000790000000, 0x00000007b0000000, 0x00000007b0000000)
  object space 524288K, 21% used [0x0000000790000000,0x0000000796f2fb90,0x00000007b0000000)
 Metaspace       used 77882K, capacity 80074K, committed 80344K, reserved 1120256K
  class space    used 8767K, capacity 9358K, committed 9472K, reserved 1048576K
Event: 106.103 GC heap after
Heap after GC invocations=39 (full 3):
 PSYoungGen      total 188928K, used 49648K [0x00000007b0000000, 0x00000007c0000000, 0x00000007c0000000)
  eden space 122880K, 0% used [0x00000007b0000000,0x00000007b0000000,0x00000007b7800000)
  from space 66048K, 75% used [0x00000007bbf80000,0x00000007beffc060,0x00000007c0000000)
  to   space 69632K, 0% used [0x00000007b7800000,0x00000007b7800000,0x00000007bbc00000)
 ParOldGen       total 524288K, used 113862K [0x0000000790000000, 0x00000007b0000000, 0x00000007b0000000)
  object space 524288K, 21% used [0x0000000790000000,0x0000000796f31b90,0x00000007b0000000)
 Metaspace       used 77882K, capacity 80074K, committed 80344K, reserved 1120256K
  class space    used 8767K, capacity 9358K, committed 9472K, reserved 1048576K
}

Deoptimization events (0 events):
No events

Internal exceptions (10 events):
Event: 62.766 Thread 0x00007fc787019000 Exception <a 'java/lang/ClassNotFoundException': org/grails/orm/hibernate/HibernateSessionCustomizer> (0x00000007b50599c8) thrown at [/Users/java_re/workspace/8-2-build-macosx-x86_64/jdk8u131/8869/hotspot/src/share/vm/classfile/systemDictionary.cpp, line 
Event: 62.766 Thread 0x00007fc787019000 Exception <a 'java/lang/ArrayIndexOutOfBoundsException'> (0x00000007b505f508) thrown at [/Users/java_re/workspace/8-2-build-macosx-x86_64/jdk8u131/8869/hotspot/src/share/vm/runtime/sharedRuntime.cpp, line 605]
Event: 62.839 Thread 0x00007fc787019000 Exception <a 'java/lang/ClassNotFoundException': groovy/lang/IntRangeBeanInfo> (0x00000007b5706880) thrown at [/Users/java_re/workspace/8-2-build-macosx-x86_64/jdk8u131/8869/hotspot/src/share/vm/classfile/systemDictionary.cpp, line 210]
Event: 62.839 Thread 0x00007fc787019000 Exception <a 'java/lang/ClassNotFoundException': groovy/lang/IntRangeCustomizer> (0x00000007b5723f00) thrown at [/Users/java_re/workspace/8-2-build-macosx-x86_64/jdk8u131/8869/hotspot/src/share/vm/classfile/systemDictionary.cpp, line 210]
Event: 62.840 Thread 0x00007fc787019000 Exception <a 'java/lang/ArrayIndexOutOfBoundsException'> (0x00000007b57292c8) thrown at [/Users/java_re/workspace/8-2-build-macosx-x86_64/jdk8u131/8869/hotspot/src/share/vm/runtime/sharedRuntime.cpp, line 605]
Event: 62.840 Thread 0x00007fc787019000 Exception <a 'java/lang/ArrayIndexOutOfBoundsException'> (0x00000007b572dd28) thrown at [/Users/java_re/workspace/8-2-build-macosx-x86_64/jdk8u131/8869/hotspot/src/share/vm/runtime/sharedRuntime.cpp, line 605]
Event: 62.840 Thread 0x00007fc787019000 Exception <a 'java/lang/ArrayIndexOutOfBoundsException'> (0x00000007b572f7d0) thrown at [/Users/java_re/workspace/8-2-build-macosx-x86_64/jdk8u131/8869/hotspot/src/share/vm/runtime/sharedRuntime.cpp, line 605]
Event: 62.840 Thread 0x00007fc787019000 Exception <a 'java/lang/ArrayIndexOutOfBoundsException'> (0x00000007b5735628) thrown at [/Users/java_re/workspace/8-2-build-macosx-x86_64/jdk8u131/8869/hotspot/src/share/vm/runtime/sharedRuntime.cpp, line 605]
Event: 62.844 Thread 0x00007fc787019000 Exception <a 'java/lang/ClassNotFoundException': java/util/RandomBeanInfo> (0x00000007b57c1288) thrown at [/Users/java_re/workspace/8-2-build-macosx-x86_64/jdk8u131/8869/hotspot/src/share/vm/classfile/systemDictionary.cpp, line 210]
Event: 62.845 Thread 0x00007fc787019000 Exception <a 'java/lang/ClassNotFoundException': java/util/RandomCustomizer> (0x00000007b57ceec0) thrown at [/Users/java_re/workspace/8-2-build-macosx-x86_64/jdk8u131/8869/hotspot/src/share/vm/classfile/systemDictionary.cpp, line 210]

Events (10 events):
Event: 125.725 Thread 0x00007fc787019000 DEOPT PACKING pc=0x00000001186a6aec sp=0x00007000068ce4c0
Event: 125.725 Thread 0x00007fc787019000 DEOPT UNPACKING pc=0x0000000117621633 sp=0x00007000068ce208 mode 1
Event: 125.725 Thread 0x00007fc787019000 DEOPT PACKING pc=0x00000001181683e4 sp=0x00007000068ce400
Event: 125.725 Thread 0x00007fc787019000 DEOPT UNPACKING pc=0x0000000117621633 sp=0x00007000068ce148 mode 1
Event: 125.725 Thread 0x00007fc787019000 DEOPT PACKING pc=0x00000001186a6aec sp=0x00007000068ce4c0
Event: 125.725 Thread 0x00007fc787019000 DEOPT UNPACKING pc=0x0000000117621633 sp=0x00007000068ce208 mode 1
Event: 125.725 Thread 0x00007fc787019000 DEOPT PACKING pc=0x00000001181683e4 sp=0x00007000068ce400
Event: 125.725 Thread 0x00007fc787019000 DEOPT UNPACKING pc=0x0000000117621633 sp=0x00007000068ce148 mode 1
Event: 125.725 Thread 0x00007fc787019000 DEOPT PACKING pc=0x00000001186a6aec sp=0x00007000068ce4c0
Event: 125.725 Thread 0x00007fc787019000 DEOPT UNPACKING pc=0x0000000117621633 sp=0x00007000068ce208 mode 1


Dynamic libraries:
0x000000005e2e6000 	/System/Library/Frameworks/Cocoa.framework/Versions/A/Cocoa
0x000000005e2e6000 	/System/Library/Frameworks/Security.framework/Versions/A/Security
0x000000005e2e6000 	/System/Library/Frameworks/ApplicationServices.framework/Versions/A/ApplicationServices
0x000000005e2e6000 	/usr/lib/libz.1.dylib
0x000000005e2e6000 	/usr/lib/libSystem.B.dylib
0x000000005e2e6000 	/usr/lib/libobjc.A.dylib
0x000000005e2e6000 	/System/Library/Frameworks/CoreFoundation.framework/Versions/A/CoreFoundation
0x000000005e2e6000 	/System/Library/Frameworks/Foundation.framework/Versions/C/Foundation
0x000000005e2e6000 	/System/Library/Frameworks/AppKit.framework/Versions/C/AppKit
0x000000005e2e6000 	/System/Library/Frameworks/CoreData.framework/Versions/A/CoreData
0x000000005e2e6000 	/System/Library/PrivateFrameworks/RemoteViewServices.framework/Versions/A/RemoteViewServices
0x000000005e2e6000 	/System/Library/PrivateFrameworks/UIFoundation.framework/Versions/A/UIFoundation
0x000000005e2e6000 	/System/Library/PrivateFrameworks/DFRFoundation.framework/Versions/A/DFRFoundation
0x000000005e2e6000 	/usr/lib/libenergytrace.dylib
0x000000005e2e6000 	/System/Library/PrivateFrameworks/SkyLight.framework/Versions/A/SkyLight
0x000000005e2e6000 	/System/Library/Frameworks/CoreGraphics.framework/Versions/A/CoreGraphics
0x000000005e2e6000 	/usr/lib/libScreenReader.dylib
0x000000005e2e6000 	/System/Library/Frameworks/Accelerate.framework/Versions/A/Accelerate
0x000000005e2e6000 	/System/Library/Frameworks/IOSurface.framework/Versions/A/IOSurface
0x000000005e2e6000 	/System/Library/Frameworks/AudioToolbox.framework/Versions/A/AudioToolbox
0x000000005e2e6000 	/System/Library/Frameworks/AudioUnit.framework/Versions/A/AudioUnit
0x000000005e2e6000 	/System/Library/PrivateFrameworks/DataDetectorsCore.framework/Versions/A/DataDetectorsCore
0x000000005e2e6000 	/System/Library/PrivateFrameworks/DesktopServicesPriv.framework/Versions/A/DesktopServicesPriv
0x000000005e2e6000 	/System/Library/Frameworks/Carbon.framework/Versions/A/Frameworks/HIToolbox.framework/Versions/A/HIToolbox
0x000000005e2e6000 	/usr/lib/libicucore.A.dylib
0x000000005e2e6000 	/System/Library/Frameworks/QuartzCore.framework/Versions/A/QuartzCore
0x000000005e2e6000 	/System/Library/Frameworks/Carbon.framework/Versions/A/Frameworks/SpeechRecognition.framework/Versions/A/SpeechRecognition
0x000000005e2e6000 	/usr/lib/libauto.dylib
0x000000005e2e6000 	/usr/lib/libxml2.2.dylib
0x000000005e2e6000 	/System/Library/PrivateFrameworks/CoreUI.framework/Versions/A/CoreUI
0x000000005e2e6000 	/System/Library/Frameworks/CoreAudio.framework/Versions/A/CoreAudio
0x000000005e2e6000 	/System/Library/Frameworks/DiskArbitration.framework/Versions/A/DiskArbitration
0x000000005e2e6000 	/usr/lib/liblangid.dylib
0x000000005e2e6000 	/System/Library/PrivateFrameworks/MultitouchSupport.framework/Versions/A/MultitouchSupport
0x000000005e2e6000 	/System/Library/Frameworks/IOKit.framework/Versions/A/IOKit
0x000000005e2e6000 	/usr/lib/libDiagnosticMessagesClient.dylib
0x000000005e2e6000 	/System/Library/Frameworks/CoreServices.framework/Versions/A/CoreServices
0x000000005e2e6000 	/System/Library/PrivateFrameworks/PerformanceAnalysis.framework/Versions/A/PerformanceAnalysis
0x000000005e2e6000 	/System/Library/PrivateFrameworks/GenerationalStorage.framework/Versions/A/GenerationalStorage
0x000000005e2e6000 	/System/Library/Frameworks/OpenGL.framework/Versions/A/OpenGL
0x000000005e2e6000 	/System/Library/Frameworks/CoreImage.framework/Versions/A/CoreImage
0x000000005e2e6000 	/System/Library/Frameworks/CoreText.framework/Versions/A/CoreText
0x000000005e2e6000 	/System/Library/Frameworks/ImageIO.framework/Versions/A/ImageIO
0x000000005e2e6000 	/System/Library/PrivateFrameworks/Backup.framework/Versions/A/Backup
0x000000005e2e6000 	/usr/lib/libarchive.2.dylib
0x000000005e2e6000 	/System/Library/Frameworks/CFNetwork.framework/Versions/A/CFNetwork
0x000000005e2e6000 	/System/Library/Frameworks/SystemConfiguration.framework/Versions/A/SystemConfiguration
0x000000005e2e6000 	/usr/lib/libCRFSuite.dylib
0x000000005e2e6000 	/usr/lib/libc++.1.dylib
0x000000005e2e6000 	/usr/lib/libc++abi.dylib
0x000000005e2e6000 	/usr/lib/system/libcache.dylib
0x000000005e2e6000 	/usr/lib/system/libcommonCrypto.dylib
0x000000005e2e6000 	/usr/lib/system/libcompiler_rt.dylib
0x000000005e2e6000 	/usr/lib/system/libcopyfile.dylib
0x000000005e2e6000 	/usr/lib/system/libcorecrypto.dylib
0x000000005e2e6000 	/usr/lib/system/libdispatch.dylib
0x000000005e2e6000 	/usr/lib/system/libdyld.dylib
0x000000005e2e6000 	/usr/lib/system/libkeymgr.dylib
0x000000005e2e6000 	/usr/lib/system/liblaunch.dylib
0x000000005e2e6000 	/usr/lib/system/libmacho.dylib
0x000000005e2e6000 	/usr/lib/system/libquarantine.dylib
0x000000005e2e6000 	/usr/lib/system/libremovefile.dylib
0x000000005e2e6000 	/usr/lib/system/libsystem_asl.dylib
0x000000005e2e6000 	/usr/lib/system/libsystem_blocks.dylib
0x000000005e2e6000 	/usr/lib/system/libsystem_c.dylib
0x000000005e2e6000 	/usr/lib/system/libsystem_configuration.dylib
0x000000005e2e6000 	/usr/lib/system/libsystem_coreservices.dylib
0x000000005e2e6000 	/usr/lib/system/libsystem_coretls.dylib
0x000000005e2e6000 	/usr/lib/system/libsystem_dnssd.dylib
0x000000005e2e6000 	/usr/lib/system/libsystem_info.dylib
0x000000005e2e6000 	/usr/lib/system/libsystem_kernel.dylib
0x000000005e2e6000 	/usr/lib/system/libsystem_m.dylib
0x000000005e2e6000 	/usr/lib/system/libsystem_malloc.dylib
0x000000005e2e6000 	/usr/lib/system/libsystem_network.dylib
0x000000005e2e6000 	/usr/lib/system/libsystem_networkextension.dylib
0x000000005e2e6000 	/usr/lib/system/libsystem_notify.dylib
0x000000005e2e6000 	/usr/lib/system/libsystem_platform.dylib
0x000000005e2e6000 	/usr/lib/system/libsystem_pthread.dylib
0x000000005e2e6000 	/usr/lib/system/libsystem_sandbox.dylib
0x000000005e2e6000 	/usr/lib/system/libsystem_secinit.dylib
0x000000005e2e6000 	/usr/lib/system/libsystem_symptoms.dylib
0x000000005e2e6000 	/usr/lib/system/libsystem_trace.dylib
0x000000005e2e6000 	/usr/lib/system/libunwind.dylib
0x000000005e2e6000 	/usr/lib/system/libxpc.dylib
0x000000005e2e6000 	/usr/lib/libbsm.0.dylib
0x000000005e2e6000 	/usr/lib/system/libkxld.dylib
0x000000005e2e6000 	/usr/lib/libcoretls.dylib
0x000000005e2e6000 	/usr/lib/libcoretls_cfhelpers.dylib
0x000000005e2e6000 	/usr/lib/libOpenScriptingUtil.dylib
0x000000005e2e6000 	/usr/lib/libpam.2.dylib
0x000000005e2e6000 	/usr/lib/libsqlite3.dylib
0x000000005e2e6000 	/usr/lib/libxar.1.dylib
0x000000005e2e6000 	/usr/lib/libbz2.1.0.dylib
0x000000005e2e6000 	/usr/lib/liblzma.5.dylib
0x000000005e2e6000 	/usr/lib/libnetwork.dylib
0x000000005e2e6000 	/usr/lib/libpcap.A.dylib
0x000000005e2e6000 	/System/Library/Frameworks/CoreServices.framework/Versions/A/Frameworks/FSEvents.framework/Versions/A/FSEvents
0x000000005e2e6000 	/System/Library/Frameworks/CoreServices.framework/Versions/A/Frameworks/CarbonCore.framework/Versions/A/CarbonCore
0x000000005e2e6000 	/System/Library/Frameworks/CoreServices.framework/Versions/A/Frameworks/Metadata.framework/Versions/A/Metadata
0x000000005e2e6000 	/System/Library/Frameworks/CoreServices.framework/Versions/A/Frameworks/OSServices.framework/Versions/A/OSServices
0x000000005e2e6000 	/System/Library/Frameworks/CoreServices.framework/Versions/A/Frameworks/SearchKit.framework/Versions/A/SearchKit
0x000000005e2e6000 	/System/Library/Frameworks/CoreServices.framework/Versions/A/Frameworks/AE.framework/Versions/A/AE
0x000000005e2e6000 	/System/Library/Frameworks/CoreServices.framework/Versions/A/Frameworks/LaunchServices.framework/Versions/A/LaunchServices
0x000000005e2e6000 	/System/Library/Frameworks/CoreServices.framework/Versions/A/Frameworks/DictionaryServices.framework/Versions/A/DictionaryServices
0x000000005e2e6000 	/System/Library/Frameworks/CoreServices.framework/Versions/A/Frameworks/SharedFileList.framework/Versions/A/SharedFileList
0x000000005e2e6000 	/System/Library/Frameworks/NetFS.framework/Versions/A/NetFS
0x000000005e2e6000 	/System/Library/PrivateFrameworks/NetAuth.framework/Versions/A/NetAuth
0x000000005e2e6000 	/System/Library/PrivateFrameworks/login.framework/Versions/A/Frameworks/loginsupport.framework/Versions/A/loginsupport
0x000000005e2e6000 	/System/Library/PrivateFrameworks/TCC.framework/Versions/A/TCC
0x000000005e2e6000 	/usr/lib/libmecabra.dylib
0x000000005e2e6000 	/System/Library/Frameworks/ApplicationServices.framework/Versions/A/Frameworks/ATS.framework/Versions/A/ATS
0x000000005e2e6000 	/System/Library/Frameworks/ApplicationServices.framework/Versions/A/Frameworks/ColorSync.framework/Versions/A/ColorSync
0x000000005e2e6000 	/System/Library/Frameworks/ApplicationServices.framework/Versions/A/Frameworks/HIServices.framework/Versions/A/HIServices
0x000000005e2e6000 	/System/Library/Frameworks/ApplicationServices.framework/Versions/A/Frameworks/LangAnalysis.framework/Versions/A/LangAnalysis
0x000000005e2e6000 	/System/Library/Frameworks/ApplicationServices.framework/Versions/A/Frameworks/PrintCore.framework/Versions/A/PrintCore
0x000000005e2e6000 	/System/Library/Frameworks/ApplicationServices.framework/Versions/A/Frameworks/QD.framework/Versions/A/QD
0x000000005e2e6000 	/System/Library/Frameworks/ApplicationServices.framework/Versions/A/Frameworks/SpeechSynthesis.framework/Versions/A/SpeechSynthesis
0x000000005e2e6000 	/System/Library/Frameworks/Accelerate.framework/Versions/A/Frameworks/vImage.framework/Versions/A/vImage
0x000000005e2e6000 	/System/Library/Frameworks/Accelerate.framework/Versions/A/Frameworks/vecLib.framework/Versions/A/vecLib
0x000000005e2e6000 	/System/Library/Frameworks/Accelerate.framework/Versions/A/Frameworks/vecLib.framework/Versions/A/libvDSP.dylib
0x000000005e2e6000 	/System/Library/Frameworks/Accelerate.framework/Versions/A/Frameworks/vecLib.framework/Versions/A/libBNNS.dylib
0x000000005e2e6000 	/System/Library/Frameworks/Accelerate.framework/Versions/A/Frameworks/vecLib.framework/Versions/A/libQuadrature.dylib
0x000000005e2e6000 	/System/Library/Frameworks/Accelerate.framework/Versions/A/Frameworks/vecLib.framework/Versions/A/libvMisc.dylib
0x000000005e2e6000 	/System/Library/Frameworks/Accelerate.framework/Versions/A/Frameworks/vecLib.framework/Versions/A/libLAPACK.dylib
0x000000005e2e6000 	/System/Library/Frameworks/Accelerate.framework/Versions/A/Frameworks/vecLib.framework/Versions/A/libBLAS.dylib
0x000000005e2e6000 	/System/Library/Frameworks/Accelerate.framework/Versions/A/Frameworks/vecLib.framework/Versions/A/libLinearAlgebra.dylib
0x000000005e2e6000 	/System/Library/Frameworks/Accelerate.framework/Versions/A/Frameworks/vecLib.framework/Versions/A/libSparseBLAS.dylib
0x000000005e2e6000 	/System/Library/Frameworks/ApplicationServices.framework/Versions/A/Frameworks/ATS.framework/Versions/A/Resources/libFontParser.dylib
0x000000005e2e6000 	/System/Library/Frameworks/ApplicationServices.framework/Versions/A/Frameworks/ATS.framework/Versions/A/Resources/libFontRegistry.dylib
0x000000005e2e6000 	/System/Library/Frameworks/ImageIO.framework/Versions/A/Resources/libJPEG.dylib
0x000000005e2e6000 	/System/Library/Frameworks/ImageIO.framework/Versions/A/Resources/libTIFF.dylib
0x000000005e2e6000 	/System/Library/Frameworks/ImageIO.framework/Versions/A/Resources/libPng.dylib
0x000000005e2e6000 	/System/Library/Frameworks/ImageIO.framework/Versions/A/Resources/libGIF.dylib
0x000000005e2e6000 	/System/Library/Frameworks/ImageIO.framework/Versions/A/Resources/libJP2.dylib
0x000000005e2e6000 	/System/Library/Frameworks/ImageIO.framework/Versions/A/Resources/libRadiance.dylib
0x000000005e2e6000 	/usr/lib/libcompression.dylib
0x000000005e2e6000 	/System/Library/PrivateFrameworks/AppleJPEG.framework/Versions/A/AppleJPEG
0x000000005e2e6000 	/usr/lib/libcups.2.dylib
0x000000005e2e6000 	/System/Library/Frameworks/Kerberos.framework/Versions/A/Kerberos
0x000000005e2e6000 	/System/Library/Frameworks/GSS.framework/Versions/A/GSS
0x000000005e2e6000 	/usr/lib/libresolv.9.dylib
0x000000005e2e6000 	/usr/lib/libiconv.2.dylib
0x000000005e2e6000 	/System/Library/PrivateFrameworks/Heimdal.framework/Versions/A/Heimdal
0x000000005e2e6000 	/usr/lib/libheimdal-asn1.dylib
0x000000005e2e6000 	/System/Library/Frameworks/OpenDirectory.framework/Versions/A/OpenDirectory
0x000000005e2e6000 	/System/Library/PrivateFrameworks/CommonAuth.framework/Versions/A/CommonAuth
0x000000005e2e6000 	/System/Library/Frameworks/OpenDirectory.framework/Versions/A/Frameworks/CFOpenDirectory.framework/Versions/A/CFOpenDirectory
0x000000005e2e6000 	/System/Library/Frameworks/SecurityFoundation.framework/Versions/A/SecurityFoundation
0x000000005e2e6000 	/System/Library/PrivateFrameworks/LanguageModeling.framework/Versions/A/LanguageModeling
0x000000005e2e6000 	/usr/lib/libmarisa.dylib
0x000000005e2e6000 	/usr/lib/libChineseTokenizer.dylib
0x000000005e2e6000 	/usr/lib/libcmph.dylib
0x000000005e2e6000 	/System/Library/PrivateFrameworks/CoreEmoji.framework/Versions/A/CoreEmoji
0x000000005e2e6000 	/System/Library/Frameworks/ServiceManagement.framework/Versions/A/ServiceManagement
0x000000005e2e6000 	/usr/lib/libxslt.1.dylib
0x000000005e2e6000 	/System/Library/Frameworks/Carbon.framework/Versions/A/Frameworks/Ink.framework/Versions/A/Ink
0x000000005e2e6000 	/System/Library/PrivateFrameworks/TextureIO.framework/Versions/A/TextureIO
0x000000005e2e6000 	/System/Library/Frameworks/Metal.framework/Versions/A/Metal
0x000000005e2e6000 	/usr/lib/libate.dylib
0x000000005e2e6000 	/System/Library/PrivateFrameworks/GPUCompiler.framework/libmetal_timestamp.dylib
0x000000005e2e6000 	/System/Library/Frameworks/OpenGL.framework/Versions/A/Libraries/libCoreFSCache.dylib
0x000000005e2e6000 	/System/Library/PrivateFrameworks/IOAccelerator.framework/Versions/A/IOAccelerator
0x000000005e2e6000 	/System/Library/Frameworks/CoreVideo.framework/Versions/A/CoreVideo
0x000000005e2e6000 	/usr/lib/libFosl_dynamic.dylib
0x000000005e2e6000 	/System/Library/PrivateFrameworks/MetalPerformanceShaders.framework/Versions/A/MetalPerformanceShaders
0x000000005e2e6000 	/System/Library/PrivateFrameworks/FaceCore.framework/Versions/A/FaceCore
0x000000005e2e6000 	/System/Library/Frameworks/OpenCL.framework/Versions/A/OpenCL
0x000000005e2e6000 	/System/Library/Frameworks/OpenGL.framework/Versions/A/Libraries/libGLU.dylib
0x000000005e2e6000 	/System/Library/Frameworks/OpenGL.framework/Versions/A/Libraries/libGFXShared.dylib
0x000000005e2e6000 	/System/Library/Frameworks/OpenGL.framework/Versions/A/Libraries/libGL.dylib
0x000000005e2e6000 	/System/Library/Frameworks/OpenGL.framework/Versions/A/Libraries/libGLImage.dylib
0x000000005e2e6000 	/System/Library/Frameworks/OpenGL.framework/Versions/A/Libraries/libCVMSPluginSupport.dylib
0x000000005e2e6000 	/System/Library/Frameworks/OpenGL.framework/Versions/A/Libraries/libCoreVMClient.dylib
0x000000005e2e6000 	/System/Library/PrivateFrameworks/CrashReporterSupport.framework/Versions/A/CrashReporterSupport
0x000000005e2e6000 	/System/Library/PrivateFrameworks/Sharing.framework/Versions/A/Sharing
0x000000005e2e6000 	/System/Library/PrivateFrameworks/IconServices.framework/Versions/A/IconServices
0x000000005e2e6000 	/System/Library/PrivateFrameworks/ProtocolBuffer.framework/Versions/A/ProtocolBuffer
0x000000005e2e6000 	/System/Library/PrivateFrameworks/Apple80211.framework/Versions/A/Apple80211
0x000000005e2e6000 	/System/Library/Frameworks/CoreWLAN.framework/Versions/A/CoreWLAN
0x000000005e2e6000 	/System/Library/PrivateFrameworks/CoreUtils.framework/Versions/A/CoreUtils
0x000000005e2e6000 	/System/Library/Frameworks/IOBluetooth.framework/Versions/A/IOBluetooth
0x000000005e2e6000 	/System/Library/PrivateFrameworks/CoreWiFi.framework/Versions/A/CoreWiFi
0x000000005e2e6000 	/System/Library/Frameworks/CoreBluetooth.framework/Versions/A/CoreBluetooth
0x000000005e2e6000 	/System/Library/Frameworks/CoreDisplay.framework/Versions/A/CoreDisplay
0x000000005e2e6000 	/System/Library/PrivateFrameworks/IOPresentment.framework/Versions/A/IOPresentment
0x000000005e2e6000 	/System/Library/PrivateFrameworks/DSExternalDisplay.framework/Versions/A/DSExternalDisplay
0x000000005e2e6000 	/System/Library/PrivateFrameworks/DebugSymbols.framework/Versions/A/DebugSymbols
0x000000005e2e6000 	/System/Library/PrivateFrameworks/CoreSymbolication.framework/Versions/A/CoreSymbolication
0x000000005e2e6000 	/System/Library/PrivateFrameworks/Symbolication.framework/Versions/A/Symbolication
0x000000005e2e6000 	/System/Library/PrivateFrameworks/AppleFSCompression.framework/Versions/A/AppleFSCompression
0x000000005e2e6000 	/System/Library/PrivateFrameworks/SpeechRecognitionCore.framework/Versions/A/SpeechRecognitionCore
0x000000005e2e6000 	/System/Library/PrivateFrameworks/ChunkingLibrary.framework/Versions/A/ChunkingLibrary
0x0000000109c00000 	/Library/Java/JavaVirtualMachines/jdk1.8.0_131.jdk/Contents/Home/jre/lib/server/libjvm.dylib
0x000000005e2e6000 	/usr/lib/libstdc++.6.dylib
0x000000010928c000 	/Library/Java/JavaVirtualMachines/jdk1.8.0_131.jdk/Contents/Home/jre/lib/libverify.dylib
0x000000010929a000 	/Library/Java/JavaVirtualMachines/jdk1.8.0_131.jdk/Contents/Home/jre/lib/libjava.dylib
0x00000001092d0000 	/Library/Java/JavaVirtualMachines/jdk1.8.0_131.jdk/Contents/Home/jre/lib/libjdwp.dylib
0x000000010931b000 	/Library/Java/JavaVirtualMachines/jdk1.8.0_131.jdk/Contents/Home/jre/lib/libnpt.dylib
0x000000010931f000 	/Library/Java/JavaVirtualMachines/jdk1.8.0_131.jdk/Contents/Home/jre/lib/libinstrument.dylib
0x000000010937d000 	/Library/Java/JavaVirtualMachines/jdk1.8.0_131.jdk/Contents/Home/jre/lib/libzip.dylib
0x000000010e5b0000 	/System/Library/Frameworks/JavaVM.framework/Frameworks/JavaRuntimeSupport.framework/JavaRuntimeSupport
0x000000010e5ca000 	/System/Library/Frameworks/JavaVM.framework/Versions/A/Frameworks/JavaNativeFoundation.framework/Versions/A/JavaNativeFoundation
0x00000001093f0000 	/System/Library/Frameworks/JavaVM.framework/Versions/A/JavaVM
0x000000005e2e6000 	/System/Library/Frameworks/Carbon.framework/Versions/A/Carbon
0x000000010e5df000 	/System/Library/PrivateFrameworks/JavaLaunching.framework/Versions/A/JavaLaunching
0x000000005e2e6000 	/System/Library/Frameworks/Carbon.framework/Versions/A/Frameworks/CommonPanels.framework/Versions/A/CommonPanels
0x000000005e2e6000 	/System/Library/Frameworks/Carbon.framework/Versions/A/Frameworks/Help.framework/Versions/A/Help
0x000000005e2e6000 	/System/Library/Frameworks/Carbon.framework/Versions/A/Frameworks/ImageCapture.framework/Versions/A/ImageCapture
0x000000005e2e6000 	/System/Library/Frameworks/Carbon.framework/Versions/A/Frameworks/OpenScripting.framework/Versions/A/OpenScripting
0x000000005e2e6000 	/System/Library/Frameworks/Carbon.framework/Versions/A/Frameworks/Print.framework/Versions/A/Print
0x000000005e2e6000 	/System/Library/Frameworks/Carbon.framework/Versions/A/Frameworks/SecurityHI.framework/Versions/A/SecurityHI
0x000000010feec000 	/Library/Java/JavaVirtualMachines/jdk1.8.0_131.jdk/Contents/Home/jre/lib/libdt_socket.dylib
0x00000001108bc000 	/Library/Java/JavaVirtualMachines/jdk1.8.0_131.jdk/Contents/Home/jre/lib/libnet.dylib
0x000000011131b000 	/Library/Java/JavaVirtualMachines/jdk1.8.0_131.jdk/Contents/Home/jre/lib/libmanagement.dylib
0x0000000111529000 	/Library/Java/JavaVirtualMachines/jdk1.8.0_131.jdk/Contents/Home/jre/lib/libnio.dylib

VM Arguments:
jvm_args: -Dendpoints.shutdown.enabled=true -Denv=development -Dfull.stacktrace=false -Dgrails.env=development -Dgrails.full.stacktrace=false -Dinfo.app.grailsVersion=3.2.11 -Dinfo.app.name=bnp -Dinfo.app.version=0.1 -Djdk.reflect.allowGetCallerClass=true -Drun.active=true -Dspring.output.ansi.enabled=always -Dspringloaded=inclusions=grails.plugins..*;synchronize=true;allowSplitPackages=true;cacheDir=/Users/ksjoshi88/techwork/bnp/build/springloaded -Dverbose=false -XX:+TieredCompilation -XX:TieredStopAtLevel=1 -XX:CICompilerCount=3 -agentlib:jdwp=transport=dt_socket,address=61502,suspend=n,server=y -javaagent:/Users/ksjoshi88/.gradle/caches/modules-2/files-2.1/org.springframework/springloaded/1.2.7.RELEASE/83d209e87380fd30a294cefd458ab6170722e80c/springloaded-1.2.7.RELEASE.jar -Xverify:none -Xms768m -Xmx768m -Dfile.encoding=UTF-8 -Duser.country=US -Duser.language=en -Duser.variant 
java_command: bnp.Application
java_class_path (initial): /Users/ksjoshi88/techwork/bnp/src/main/resources:/Users/ksjoshi88/techwork/bnp/grails-app/views:/Users/ksjoshi88/techwork/bnp/grails-app/i18n:/Users/ksjoshi88/techwork/bnp/grails-app/conf:/Users/ksjoshi88/techwork/bnp/build/classes/main:/Users/ksjoshi88/techwork/bnp/build/resources/main:/Users/ksjoshi88/techwork/bnp/gsp-classes:/Users/ksjoshi88/.gradle/caches/modules-2/files-2.1/org.springframework.boot/spring-boot-starter-logging/1.4.6.RELEASE/639c8849482bb82fb13be276338deee10115c80/spring-boot-starter-logging-1.4.6.RELEASE.jar:/Users/ksjoshi88/.gradle/caches/modules-2/files-2.1/org.springframework.boot/spring-boot-autoconfigure/1.4.6.RELEASE/e99ac84ecc30710ac838ad02894100b0020127a4/spring-boot-autoconfigure-1.4.6.RELEASE.jar:/Users/ksjoshi88/.gradle/caches/modules-2/files-2.1/org.grails/grails-core/3.2.11/c1aefcd4c25287c78c72aebf529de770ceb6d0a0/grails-core-3.2.11.jar:/Users/ksjoshi88/.gradle/caches/modules-2/files-2.1/org.springframework.boot/spring-boot-starter-actuator/1.4.6.RELEASE/a3c60642beb74380a118cbf99d43aee30b09a806/spring-boot-starter-actuator-1.4.6.RELEASE.jar:/Users/ksjoshi88/.gradle/caches/modules-2/files-2.1/org.springframework.boot/spring-boot-starter-tomcat/1.4.6.RELEASE/1c819251f7cf2122c0d9847368c401b9b382469f/spring-boot-starter-tomcat-1.4.6.RELEASE.jar:/Users/ksjoshi88/.gradle/caches/modules-2/files-2.1/org.grails/grails-web-boot/3.2.11/7036bbc079d081a010e33795078f9411c1adeb5a/grails-web-boot-3.2.11.jar:/Users/ksjoshi88/.gradle/caches/modules-2/files-2.1/org.grails.plugins/cache/3.0.3/e857268f939b4b907ce91ff4f5217cfb97abcaa7/cache-3.0.3.jar:/Users/ksjoshi88/.gradle/caches/modules-2/files-2.1/org.grails.plugins/scaffolding/3.3.3/84c5d0b6452caa16edf90248c99d1033544eb993/scaffolding-3.3.3.jar:/Users/ksjoshi88/.gradle/caches/modules-2/files-2.1/org.grails.plugins/hibernate5/6.0.12/44353fd886468c68b63af41911e6d0139cc0bac/hibernate5-6.0.12.jar:/Users/ksjoshi88/.gradle/caches/modules-2/files-2.1/org.hibernate/hibernate-cor
Launcher Type: SUN_STANDARD

Environment Variables:
PATH=/Users/ksjoshi88/.sdkman/candidates/groovy/current/bin:/Users/ksjoshi88/.sdkman/candidates/grails/current/bin:/Users/ksjoshi88/.rbenv/shims:/usr/local/bin:/usr/bin:/bin:/usr/sbin:/sbin
SHELL=/bin/bash

Signal Handlers:
SIGSEGV: [libjvm.dylib+0x5b1eb1], sa_mask[0]=11111111011111110111111111111111, sa_flags=SA_ONSTACK|SA_RESTART|SA_SIGINFO
SIGBUS: [libjvm.dylib+0x5b1eb1], sa_mask[0]=11111111011111110111111111111111, sa_flags=SA_RESTART|SA_SIGINFO
SIGFPE: [libjvm.dylib+0x488988], sa_mask[0]=11111111011111110111111111111111, sa_flags=SA_RESTART|SA_SIGINFO
SIGPIPE: [libjvm.dylib+0x488988], sa_mask[0]=11111111011111110111111111111111, sa_flags=SA_RESTART|SA_SIGINFO
SIGXFSZ: [libjvm.dylib+0x488988], sa_mask[0]=11111111011111110111111111111111, sa_flags=SA_RESTART|SA_SIGINFO
SIGILL: [libjvm.dylib+0x488988], sa_mask[0]=11111111011111110111111111111111, sa_flags=SA_RESTART|SA_SIGINFO
SIGUSR1: SIG_DFL, sa_mask[0]=00000000000000000000000000000000, sa_flags=none
SIGUSR2: [libjvm.dylib+0x4884a6], sa_mask[0]=00100000000000000000000000000000, sa_flags=SA_RESTART|SA_SIGINFO
SIGHUP: [libjvm.dylib+0x486a7d], sa_mask[0]=11111111011111110111111111111111, sa_flags=SA_RESTART|SA_SIGINFO
SIGINT: [libjvm.dylib+0x486a7d], sa_mask[0]=11111111011111110111111111111111, sa_flags=SA_RESTART|SA_SIGINFO
SIGTERM: [libjvm.dylib+0x486a7d], sa_mask[0]=11111111011111110111111111111111, sa_flags=SA_RESTART|SA_SIGINFO
SIGQUIT: [libjvm.dylib+0x486a7d], sa_mask[0]=11111111011111110111111111111111, sa_flags=SA_RESTART|SA_SIGINFO


---------------  S Y S T E M  ---------------

OS:Bsduname:Darwin 16.7.0 Darwin Kernel Version 16.7.0: Thu Jun 15 17:36:27 PDT 2017; root:xnu-3789.70.16~2/RELEASE_X86_64 x86_64
rlimit: STACK 8192k, CORE 0k, NPROC 709, NOFILE 10240, AS infinity
load average:4.17 3.53 3.10

CPU:total 4 (initial active 4) (2 cores per cpu, 2 threads per core) family 6 model 61 stepping 4, cmov, cx8, fxsr, mmx, sse, sse2, sse3, ssse3, sse4.1, sse4.2, popcnt, avx, avx2, aes, clmul, erms, 3dnowpref, lzcnt, ht, tsc, tscinvbit, bmi1, bmi2, adx

Memory: 4k page, physical 8388608k(69348k free)

/proc/meminfo:


vm_info: Java HotSpot(TM) 64-Bit Server VM (25.131-b11) for bsd-amd64 JRE (1.8.0_131-b11), built on Mar 15 2017 01:32:22 by "java_re" with gcc 4.2.1 (Based on Apple Inc. build 5658) (LLVM build 2336.11.00)

time: Fri Aug 11 22:49:37 2017
elapsed time: 125 seconds (0d 0h 2m 5s)

